[INFO] 18:42:15:518 DataNode/(10464:10464): [CONFIGURACION] Nombre Nodo: NODO3
[INFO] 18:42:15:538 DataNode/(10464:10464): [CONFIGURACION] Ruta archivo data.bin: /home/utnso/Escritorio/data3.bin
[INFO] 18:42:15:546 DataNode/(10464:10464): [DATABIN] Cantidad de bloques disponibles 81920
[INFO] 18:42:15:583 DataNode/(10464:10464): [CONEXION] Estableciendo conexion con File System (IP: 127.0.0.1 | Puerto 5040)
[INFO] 18:42:15:694 DataNode/(10464:10464): [CONEXION] Conexion establecida con el File System
[INFO] 18:42:59:240 DataNode/(10464:10464): [DATABIN] El bloque N°0 fue escrito
[INFO] 18:42:59:248 DataNode/(10464:10464): [DATABIN] El bloque N°1 fue escrito
[INFO] 18:42:59:251 DataNode/(10464:10464): [DATABIN] El bloque N°2 fue escrito
[INFO] 18:42:59:256 DataNode/(10464:10464): [DATABIN] El bloque N°3 fue escrito
[INFO] 18:43:08:262 DataNode/(10464:10464): [DATABIN] El bloque N°1 fue leido
[INFO] 18:43:08:270 DataNode/(10464:10464): [DATABIN] El bloque N°2 fue leido
[INFO] 18:43:24:838 DataNode/(10464:10464): [DATABIN] El bloque N°4 fue escrito
[INFO] 18:43:24:875 DataNode/(10464:10464): [DATABIN] El bloque N°5 fue escrito
[INFO] 18:43:24:875 DataNode/(10464:10464): [DATABIN] El bloque N°6 fue escrito
[INFO] 18:43:24:877 DataNode/(10464:10464): [DATABIN] El bloque N°7 fue escrito
[INFO] 18:43:24:880 DataNode/(10464:10464): [DATABIN] El bloque N°8 fue escrito
[INFO] 18:43:24:883 DataNode/(10464:10464): [DATABIN] El bloque N°9 fue escrito
[INFO] 18:43:24:887 DataNode/(10464:10464): [DATABIN] El bloque N°10 fue escrito
[INFO] 18:43:24:888 DataNode/(10464:10464): [DATABIN] El bloque N°11 fue escrito
[INFO] 18:43:24:894 DataNode/(10464:10464): [DATABIN] El bloque N°12 fue escrito
[INFO] 18:43:24:898 DataNode/(10464:10464): [DATABIN] El bloque N°13 fue escrito
[INFO] 18:43:24:901 DataNode/(10464:10464): [DATABIN] El bloque N°14 fue escrito
[INFO] 18:43:24:911 DataNode/(10464:10464): [DATABIN] El bloque N°15 fue escrito
[INFO] 18:43:24:921 DataNode/(10464:10464): [DATABIN] El bloque N°16 fue escrito
[INFO] 18:43:24:923 DataNode/(10464:10464): [DATABIN] El bloque N°17 fue escrito
[INFO] 18:43:24:926 DataNode/(10464:10464): [DATABIN] El bloque N°18 fue escrito
[INFO] 18:43:24:930 DataNode/(10464:10464): [DATABIN] El bloque N°19 fue escrito
[INFO] 18:43:24:941 DataNode/(10464:10464): [DATABIN] El bloque N°20 fue escrito
[INFO] 18:43:24:946 DataNode/(10464:10464): [DATABIN] El bloque N°21 fue escrito
[INFO] 18:43:24:952 DataNode/(10464:10464): [DATABIN] El bloque N°22 fue escrito
[INFO] 18:43:24:953 DataNode/(10464:10464): [DATABIN] El bloque N°23 fue escrito
[INFO] 18:43:24:959 DataNode/(10464:10464): [DATABIN] El bloque N°24 fue escrito
[INFO] 18:43:24:962 DataNode/(10464:10464): [DATABIN] El bloque N°25 fue escrito
[INFO] 18:43:24:972 DataNode/(10464:10464): [DATABIN] El bloque N°26 fue escrito
[INFO] 18:43:24:976 DataNode/(10464:10464): [DATABIN] El bloque N°27 fue escrito
[INFO] 18:43:24:984 DataNode/(10464:10464): [DATABIN] El bloque N°28 fue escrito
[INFO] 18:43:24:989 DataNode/(10464:10464): [DATABIN] El bloque N°29 fue escrito
[INFO] 18:43:24:992 DataNode/(10464:10464): [DATABIN] El bloque N°30 fue escrito
[INFO] 18:43:24:0 DataNode/(10464:10464): [DATABIN] El bloque N°31 fue escrito
[INFO] 18:43:25:9 DataNode/(10464:10464): [DATABIN] El bloque N°32 fue escrito
[INFO] 18:43:25:12 DataNode/(10464:10464): [DATABIN] El bloque N°33 fue escrito
[INFO] 18:43:25:23 DataNode/(10464:10464): [DATABIN] El bloque N°34 fue escrito
[INFO] 18:43:25:25 DataNode/(10464:10464): [DATABIN] El bloque N°35 fue escrito
[INFO] 18:43:25:30 DataNode/(10464:10464): [DATABIN] El bloque N°36 fue escrito
[INFO] 18:43:25:37 DataNode/(10464:10464): [DATABIN] El bloque N°37 fue escrito
[INFO] 18:43:25:55 DataNode/(10464:10464): [DATABIN] El bloque N°38 fue escrito
[INFO] 18:43:25:59 DataNode/(10464:10464): [DATABIN] El bloque N°39 fue escrito
[INFO] 18:43:25:64 DataNode/(10464:10464): [DATABIN] El bloque N°40 fue escrito
[INFO] 18:43:25:70 DataNode/(10464:10464): [DATABIN] El bloque N°41 fue escrito
[INFO] 18:43:25:75 DataNode/(10464:10464): [DATABIN] El bloque N°42 fue escrito
[INFO] 18:43:25:84 DataNode/(10464:10464): [DATABIN] El bloque N°43 fue escrito
[INFO] 18:43:25:89 DataNode/(10464:10464): [DATABIN] El bloque N°44 fue escrito
[INFO] 18:43:25:95 DataNode/(10464:10464): [DATABIN] El bloque N°45 fue escrito
[INFO] 18:43:25:97 DataNode/(10464:10464): [DATABIN] El bloque N°46 fue escrito
[INFO] 18:43:25:103 DataNode/(10464:10464): [DATABIN] El bloque N°47 fue escrito
[INFO] 18:43:25:109 DataNode/(10464:10464): [DATABIN] El bloque N°48 fue escrito
[INFO] 18:43:25:116 DataNode/(10464:10464): [DATABIN] El bloque N°49 fue escrito
[INFO] 18:43:25:121 DataNode/(10464:10464): [DATABIN] El bloque N°50 fue escrito
[INFO] 18:43:25:125 DataNode/(10464:10464): [DATABIN] El bloque N°51 fue escrito
[INFO] 18:43:25:133 DataNode/(10464:10464): [DATABIN] El bloque N°52 fue escrito
[INFO] 18:43:25:137 DataNode/(10464:10464): [DATABIN] El bloque N°53 fue escrito
[INFO] 18:43:25:142 DataNode/(10464:10464): [DATABIN] El bloque N°54 fue escrito
[INFO] 18:43:25:151 DataNode/(10464:10464): [DATABIN] El bloque N°55 fue escrito
[INFO] 18:43:25:157 DataNode/(10464:10464): [DATABIN] El bloque N°56 fue escrito
[INFO] 18:43:25:165 DataNode/(10464:10464): [DATABIN] El bloque N°57 fue escrito
[INFO] 18:43:25:167 DataNode/(10464:10464): [DATABIN] El bloque N°58 fue escrito
[INFO] 18:43:25:173 DataNode/(10464:10464): [DATABIN] El bloque N°59 fue escrito
[INFO] 18:43:25:176 DataNode/(10464:10464): [DATABIN] El bloque N°60 fue escrito
[INFO] 18:43:25:182 DataNode/(10464:10464): [DATABIN] El bloque N°61 fue escrito
[INFO] 18:43:25:187 DataNode/(10464:10464): [DATABIN] El bloque N°62 fue escrito
[INFO] 18:43:25:196 DataNode/(10464:10464): [DATABIN] El bloque N°63 fue escrito
[INFO] 18:43:25:207 DataNode/(10464:10464): [DATABIN] El bloque N°64 fue escrito
[INFO] 18:43:25:213 DataNode/(10464:10464): [DATABIN] El bloque N°65 fue escrito
[INFO] 18:43:25:217 DataNode/(10464:10464): [DATABIN] El bloque N°66 fue escrito
[INFO] 18:43:25:224 DataNode/(10464:10464): [DATABIN] El bloque N°67 fue escrito
[INFO] 18:43:25:233 DataNode/(10464:10464): [DATABIN] El bloque N°68 fue escrito
[INFO] 18:43:25:239 DataNode/(10464:10464): [DATABIN] El bloque N°69 fue escrito
[INFO] 18:43:25:241 DataNode/(10464:10464): [DATABIN] El bloque N°70 fue escrito
[INFO] 18:43:25:246 DataNode/(10464:10464): [DATABIN] El bloque N°71 fue escrito
[INFO] 18:43:25:250 DataNode/(10464:10464): [DATABIN] El bloque N°72 fue escrito
[INFO] 18:43:25:261 DataNode/(10464:10464): [DATABIN] El bloque N°73 fue escrito
[INFO] 18:43:25:264 DataNode/(10464:10464): [DATABIN] El bloque N°74 fue escrito
[INFO] 18:43:25:273 DataNode/(10464:10464): [DATABIN] El bloque N°75 fue escrito
[INFO] 18:43:25:280 DataNode/(10464:10464): [DATABIN] El bloque N°76 fue escrito
[INFO] 18:43:25:286 DataNode/(10464:10464): [DATABIN] El bloque N°77 fue escrito
[INFO] 18:43:25:292 DataNode/(10464:10464): [DATABIN] El bloque N°78 fue escrito
[INFO] 18:43:25:299 DataNode/(10464:10464): [DATABIN] El bloque N°79 fue escrito
[INFO] 18:43:25:307 DataNode/(10464:10464): [DATABIN] El bloque N°80 fue escrito
[INFO] 18:43:25:316 DataNode/(10464:10464): [DATABIN] El bloque N°81 fue escrito
[INFO] 18:43:25:320 DataNode/(10464:10464): [DATABIN] El bloque N°82 fue escrito
[INFO] 18:43:25:326 DataNode/(10464:10464): [DATABIN] El bloque N°83 fue escrito
[INFO] 18:43:25:331 DataNode/(10464:10464): [DATABIN] El bloque N°84 fue escrito
[INFO] 18:43:25:340 DataNode/(10464:10464): [DATABIN] El bloque N°85 fue escrito
[INFO] 18:43:25:348 DataNode/(10464:10464): [DATABIN] El bloque N°86 fue escrito
[INFO] 18:43:25:355 DataNode/(10464:10464): [DATABIN] El bloque N°87 fue escrito
[INFO] 18:43:25:360 DataNode/(10464:10464): [DATABIN] El bloque N°88 fue escrito
[INFO] 18:43:25:365 DataNode/(10464:10464): [DATABIN] El bloque N°89 fue escrito
[INFO] 18:43:25:372 DataNode/(10464:10464): [DATABIN] El bloque N°90 fue escrito
[INFO] 18:43:25:381 DataNode/(10464:10464): [DATABIN] El bloque N°91 fue escrito
[INFO] 18:43:25:388 DataNode/(10464:10464): [DATABIN] El bloque N°92 fue escrito
[INFO] 18:43:25:393 DataNode/(10464:10464): [DATABIN] El bloque N°93 fue escrito
[INFO] 18:43:25:395 DataNode/(10464:10464): [DATABIN] El bloque N°94 fue escrito
[INFO] 18:43:25:397 DataNode/(10464:10464): [DATABIN] El bloque N°95 fue escrito
[INFO] 18:43:25:409 DataNode/(10464:10464): [DATABIN] El bloque N°96 fue escrito
[INFO] 18:43:25:418 DataNode/(10464:10464): [DATABIN] El bloque N°97 fue escrito
[INFO] 18:43:25:423 DataNode/(10464:10464): [DATABIN] El bloque N°98 fue escrito
[INFO] 18:43:25:426 DataNode/(10464:10464): [DATABIN] El bloque N°99 fue escrito
[INFO] 18:43:25:429 DataNode/(10464:10464): [DATABIN] El bloque N°100 fue escrito
[INFO] 18:43:25:446 DataNode/(10464:10464): [DATABIN] El bloque N°101 fue escrito
[INFO] 18:43:25:451 DataNode/(10464:10464): [DATABIN] El bloque N°102 fue escrito
[INFO] 18:43:25:455 DataNode/(10464:10464): [DATABIN] El bloque N°103 fue escrito
[INFO] 18:43:25:459 DataNode/(10464:10464): [DATABIN] El bloque N°104 fue escrito
[INFO] 18:43:25:470 DataNode/(10464:10464): [DATABIN] El bloque N°105 fue escrito
[INFO] 18:43:25:473 DataNode/(10464:10464): [DATABIN] El bloque N°106 fue escrito
[INFO] 18:43:25:481 DataNode/(10464:10464): [DATABIN] El bloque N°107 fue escrito
[INFO] 18:43:25:485 DataNode/(10464:10464): [DATABIN] El bloque N°108 fue escrito
[INFO] 18:43:25:489 DataNode/(10464:10464): [DATABIN] El bloque N°109 fue escrito
[INFO] 18:43:25:504 DataNode/(10464:10464): [DATABIN] El bloque N°110 fue escrito
[INFO] 18:43:25:512 DataNode/(10464:10464): [DATABIN] El bloque N°111 fue escrito
[INFO] 18:43:25:514 DataNode/(10464:10464): [DATABIN] El bloque N°112 fue escrito
[INFO] 18:43:25:518 DataNode/(10464:10464): [DATABIN] El bloque N°113 fue escrito
[INFO] 18:43:25:522 DataNode/(10464:10464): [DATABIN] El bloque N°114 fue escrito
[INFO] 18:43:25:538 DataNode/(10464:10464): [DATABIN] El bloque N°115 fue escrito
[INFO] 18:43:25:543 DataNode/(10464:10464): [DATABIN] El bloque N°116 fue escrito
[INFO] 18:43:25:546 DataNode/(10464:10464): [DATABIN] El bloque N°117 fue escrito
[INFO] 18:43:25:548 DataNode/(10464:10464): [DATABIN] El bloque N°118 fue escrito
[INFO] 18:43:25:550 DataNode/(10464:10464): [DATABIN] El bloque N°119 fue escrito
[INFO] 18:43:25:559 DataNode/(10464:10464): [DATABIN] El bloque N°120 fue escrito
[INFO] 18:43:25:569 DataNode/(10464:10464): [DATABIN] El bloque N°121 fue escrito
[INFO] 18:43:25:577 DataNode/(10464:10464): [DATABIN] El bloque N°122 fue escrito
[INFO] 18:43:25:580 DataNode/(10464:10464): [DATABIN] El bloque N°123 fue escrito
[INFO] 18:43:25:582 DataNode/(10464:10464): [DATABIN] El bloque N°124 fue escrito
[INFO] 18:43:25:597 DataNode/(10464:10464): [DATABIN] El bloque N°125 fue escrito
[INFO] 18:43:25:604 DataNode/(10464:10464): [DATABIN] El bloque N°126 fue escrito
[INFO] 18:43:25:610 DataNode/(10464:10464): [DATABIN] El bloque N°127 fue escrito
[INFO] 18:43:25:614 DataNode/(10464:10464): [DATABIN] El bloque N°128 fue escrito
[INFO] 18:43:25:625 DataNode/(10464:10464): [DATABIN] El bloque N°129 fue escrito
[INFO] 18:43:25:631 DataNode/(10464:10464): [DATABIN] El bloque N°130 fue escrito
[INFO] 18:43:25:635 DataNode/(10464:10464): [DATABIN] El bloque N°131 fue escrito
[INFO] 18:43:25:641 DataNode/(10464:10464): [DATABIN] El bloque N°132 fue escrito
[INFO] 18:43:25:645 DataNode/(10464:10464): [DATABIN] El bloque N°133 fue escrito
[INFO] 18:43:25:661 DataNode/(10464:10464): [DATABIN] El bloque N°134 fue escrito
[INFO] 18:43:25:666 DataNode/(10464:10464): [DATABIN] El bloque N°135 fue escrito
[INFO] 18:43:25:669 DataNode/(10464:10464): [DATABIN] El bloque N°136 fue escrito
[INFO] 18:43:25:674 DataNode/(10464:10464): [DATABIN] El bloque N°137 fue escrito
[INFO] 18:43:25:685 DataNode/(10464:10464): [DATABIN] El bloque N°138 fue escrito
[INFO] 18:43:25:694 DataNode/(10464:10464): [DATABIN] El bloque N°139 fue escrito
[INFO] 18:43:25:703 DataNode/(10464:10464): [DATABIN] El bloque N°140 fue escrito
[INFO] 18:43:25:706 DataNode/(10464:10464): [DATABIN] El bloque N°141 fue escrito
[INFO] 18:43:25:712 DataNode/(10464:10464): [DATABIN] El bloque N°142 fue escrito
[INFO] 18:43:25:723 DataNode/(10464:10464): [DATABIN] El bloque N°143 fue escrito
[INFO] 18:43:25:728 DataNode/(10464:10464): [DATABIN] El bloque N°144 fue escrito
[INFO] 18:43:25:732 DataNode/(10464:10464): [DATABIN] El bloque N°145 fue escrito
[INFO] 18:43:25:737 DataNode/(10464:10464): [DATABIN] El bloque N°146 fue escrito
[INFO] 18:43:25:749 DataNode/(10464:10464): [DATABIN] El bloque N°147 fue escrito
[INFO] 18:43:25:757 DataNode/(10464:10464): [DATABIN] El bloque N°148 fue escrito
[INFO] 18:43:25:762 DataNode/(10464:10464): [DATABIN] El bloque N°149 fue escrito
[INFO] 18:43:25:765 DataNode/(10464:10464): [DATABIN] El bloque N°150 fue escrito
[INFO] 18:43:25:780 DataNode/(10464:10464): [DATABIN] El bloque N°151 fue escrito
[INFO] 18:43:25:789 DataNode/(10464:10464): [DATABIN] El bloque N°152 fue escrito
[INFO] 18:43:25:793 DataNode/(10464:10464): [DATABIN] El bloque N°153 fue escrito
[INFO] 18:43:25:795 DataNode/(10464:10464): [DATABIN] El bloque N°154 fue escrito
[INFO] 18:43:25:798 DataNode/(10464:10464): [DATABIN] El bloque N°155 fue escrito
[INFO] 18:43:25:812 DataNode/(10464:10464): [DATABIN] El bloque N°156 fue escrito
[INFO] 18:43:25:822 DataNode/(10464:10464): [DATABIN] El bloque N°157 fue escrito
[INFO] 18:43:25:826 DataNode/(10464:10464): [DATABIN] El bloque N°158 fue escrito
[INFO] 18:43:25:834 DataNode/(10464:10464): [DATABIN] El bloque N°159 fue escrito
[INFO] 18:43:25:842 DataNode/(10464:10464): [DATABIN] El bloque N°160 fue escrito
[INFO] 18:43:25:848 DataNode/(10464:10464): [DATABIN] El bloque N°161 fue escrito
[INFO] 18:43:25:855 DataNode/(10464:10464): [DATABIN] El bloque N°162 fue escrito
[INFO] 18:43:25:860 DataNode/(10464:10464): [DATABIN] El bloque N°163 fue escrito
[INFO] 18:43:25:874 DataNode/(10464:10464): [DATABIN] El bloque N°164 fue escrito
[INFO] 18:43:25:884 DataNode/(10464:10464): [DATABIN] El bloque N°165 fue escrito
[INFO] 18:43:25:887 DataNode/(10464:10464): [DATABIN] El bloque N°166 fue escrito
[INFO] 18:43:25:889 DataNode/(10464:10464): [DATABIN] El bloque N°167 fue escrito
[INFO] 18:43:25:902 DataNode/(10464:10464): [DATABIN] El bloque N°168 fue escrito
[INFO] 18:43:25:911 DataNode/(10464:10464): [DATABIN] El bloque N°169 fue escrito
[INFO] 18:43:25:917 DataNode/(10464:10464): [DATABIN] El bloque N°170 fue escrito
[INFO] 18:43:25:920 DataNode/(10464:10464): [DATABIN] El bloque N°171 fue escrito
[INFO] 18:43:25:931 DataNode/(10464:10464): [DATABIN] El bloque N°172 fue escrito
[INFO] 18:43:25:933 DataNode/(10464:10464): [DATABIN] El bloque N°173 fue escrito
[INFO] 18:43:25:944 DataNode/(10464:10464): [DATABIN] El bloque N°174 fue escrito
[INFO] 18:43:25:949 DataNode/(10464:10464): [DATABIN] El bloque N°175 fue escrito
[INFO] 18:43:25:962 DataNode/(10464:10464): [DATABIN] El bloque N°176 fue escrito
[INFO] 18:43:25:967 DataNode/(10464:10464): [DATABIN] El bloque N°177 fue escrito
[INFO] 18:43:25:974 DataNode/(10464:10464): [DATABIN] El bloque N°178 fue escrito
[INFO] 18:43:25:977 DataNode/(10464:10464): [DATABIN] El bloque N°179 fue escrito
[INFO] 18:43:25:982 DataNode/(10464:10464): [DATABIN] El bloque N°180 fue escrito
[INFO] 18:43:25:995 DataNode/(10464:10464): [DATABIN] El bloque N°181 fue escrito
[INFO] 18:43:26:33 DataNode/(10464:10464): [DATABIN] El bloque N°182 fue escrito
[INFO] 18:43:26:37 DataNode/(10464:10464): [DATABIN] El bloque N°183 fue escrito
[INFO] 18:43:26:39 DataNode/(10464:10464): [DATABIN] El bloque N°184 fue escrito
[INFO] 18:43:26:41 DataNode/(10464:10464): [DATABIN] El bloque N°185 fue escrito
[INFO] 18:43:26:48 DataNode/(10464:10464): [DATABIN] El bloque N°186 fue escrito
[INFO] 18:43:26:63 DataNode/(10464:10464): [DATABIN] El bloque N°187 fue escrito
[INFO] 18:43:26:73 DataNode/(10464:10464): [DATABIN] El bloque N°188 fue escrito
[INFO] 18:43:26:83 DataNode/(10464:10464): [DATABIN] El bloque N°189 fue escrito
[INFO] 18:43:26:87 DataNode/(10464:10464): [DATABIN] El bloque N°190 fue escrito
[INFO] 18:43:26:91 DataNode/(10464:10464): [DATABIN] El bloque N°191 fue escrito
[INFO] 18:43:26:99 DataNode/(10464:10464): [DATABIN] El bloque N°192 fue escrito
[INFO] 18:43:26:106 DataNode/(10464:10464): [DATABIN] El bloque N°193 fue escrito
[INFO] 18:43:26:123 DataNode/(10464:10464): [DATABIN] El bloque N°194 fue escrito
[INFO] 18:43:26:129 DataNode/(10464:10464): [DATABIN] El bloque N°195 fue escrito
[INFO] 18:43:26:133 DataNode/(10464:10464): [DATABIN] El bloque N°196 fue escrito
[INFO] 18:43:26:135 DataNode/(10464:10464): [DATABIN] El bloque N°197 fue escrito
[INFO] 18:43:26:149 DataNode/(10464:10464): [DATABIN] El bloque N°198 fue escrito
[INFO] 18:43:26:163 DataNode/(10464:10464): [DATABIN] El bloque N°199 fue escrito
[INFO] 18:43:26:168 DataNode/(10464:10464): [DATABIN] El bloque N°200 fue escrito
[INFO] 18:43:26:181 DataNode/(10464:10464): [DATABIN] El bloque N°201 fue escrito
[INFO] 18:43:26:184 DataNode/(10464:10464): [DATABIN] El bloque N°202 fue escrito
[INFO] 18:43:26:191 DataNode/(10464:10464): [DATABIN] El bloque N°203 fue escrito
[INFO] 18:43:26:197 DataNode/(10464:10464): [DATABIN] El bloque N°204 fue escrito
[INFO] 18:43:26:211 DataNode/(10464:10464): [DATABIN] El bloque N°205 fue escrito
[INFO] 18:43:26:220 DataNode/(10464:10464): [DATABIN] El bloque N°206 fue escrito
[INFO] 18:43:26:226 DataNode/(10464:10464): [DATABIN] El bloque N°207 fue escrito
[INFO] 18:43:26:228 DataNode/(10464:10464): [DATABIN] El bloque N°208 fue escrito
[INFO] 18:43:26:231 DataNode/(10464:10464): [DATABIN] El bloque N°209 fue escrito
[INFO] 18:43:26:247 DataNode/(10464:10464): [DATABIN] El bloque N°210 fue escrito
[INFO] 18:43:26:259 DataNode/(10464:10464): [DATABIN] El bloque N°211 fue escrito
[INFO] 18:43:26:269 DataNode/(10464:10464): [DATABIN] El bloque N°212 fue escrito
[INFO] 18:43:26:280 DataNode/(10464:10464): [DATABIN] El bloque N°213 fue escrito
[INFO] 18:43:26:285 DataNode/(10464:10464): [DATABIN] El bloque N°214 fue escrito
[INFO] 18:43:26:288 DataNode/(10464:10464): [DATABIN] El bloque N°215 fue escrito
[INFO] 18:43:26:293 DataNode/(10464:10464): [DATABIN] El bloque N°216 fue escrito
[INFO] 18:43:26:310 DataNode/(10464:10464): [DATABIN] El bloque N°217 fue escrito
[INFO] 18:43:26:319 DataNode/(10464:10464): [DATABIN] El bloque N°218 fue escrito
[INFO] 18:43:26:322 DataNode/(10464:10464): [DATABIN] El bloque N°219 fue escrito
[INFO] 18:43:26:330 DataNode/(10464:10464): [DATABIN] El bloque N°220 fue escrito
[INFO] 18:43:26:338 DataNode/(10464:10464): [DATABIN] El bloque N°221 fue escrito
[INFO] 18:43:26:349 DataNode/(10464:10464): [DATABIN] El bloque N°222 fue escrito
[INFO] 18:43:26:354 DataNode/(10464:10464): [DATABIN] El bloque N°223 fue escrito
[INFO] 18:43:26:373 DataNode/(10464:10464): [DATABIN] El bloque N°224 fue escrito
[INFO] 18:43:26:379 DataNode/(10464:10464): [DATABIN] El bloque N°225 fue escrito
[INFO] 18:43:35:88 DataNode/(10464:10464): [DATABIN] El bloque N°4 fue leido
[INFO] 18:43:35:96 DataNode/(10464:10464): [DATABIN] El bloque N°7 fue leido
[INFO] 18:43:35:99 DataNode/(10464:10464): [DATABIN] El bloque N°8 fue leido
[INFO] 18:43:35:111 DataNode/(10464:10464): [DATABIN] El bloque N°10 fue leido
[INFO] 18:43:35:122 DataNode/(10464:10464): [DATABIN] El bloque N°13 fue leido
[INFO] 18:43:35:129 DataNode/(10464:10464): [DATABIN] El bloque N°14 fue leido
[INFO] 18:43:35:135 DataNode/(10464:10464): [DATABIN] El bloque N°16 fue leido
[INFO] 18:43:35:147 DataNode/(10464:10464): [DATABIN] El bloque N°19 fue leido
[INFO] 18:43:35:151 DataNode/(10464:10464): [DATABIN] El bloque N°20 fue leido
[INFO] 18:43:35:154 DataNode/(10464:10464): [DATABIN] El bloque N°22 fue leido
[INFO] 18:43:35:167 DataNode/(10464:10464): [DATABIN] El bloque N°25 fue leido
[INFO] 18:43:35:173 DataNode/(10464:10464): [DATABIN] El bloque N°26 fue leido
[INFO] 18:43:35:175 DataNode/(10464:10464): [DATABIN] El bloque N°28 fue leido
[INFO] 18:43:35:188 DataNode/(10464:10464): [DATABIN] El bloque N°31 fue leido
[INFO] 18:43:35:195 DataNode/(10464:10464): [DATABIN] El bloque N°32 fue leido
[INFO] 18:43:35:199 DataNode/(10464:10464): [DATABIN] El bloque N°34 fue leido
[INFO] 18:43:35:213 DataNode/(10464:10464): [DATABIN] El bloque N°37 fue leido
[INFO] 18:43:35:215 DataNode/(10464:10464): [DATABIN] El bloque N°38 fue leido
[INFO] 18:43:35:220 DataNode/(10464:10464): [DATABIN] El bloque N°40 fue leido
[INFO] 18:43:35:239 DataNode/(10464:10464): [DATABIN] El bloque N°43 fue leido
[INFO] 18:43:35:243 DataNode/(10464:10464): [DATABIN] El bloque N°44 fue leido
[INFO] 18:43:35:246 DataNode/(10464:10464): [DATABIN] El bloque N°46 fue leido
[INFO] 18:43:35:251 DataNode/(10464:10464): [DATABIN] El bloque N°49 fue leido
[INFO] 18:43:35:259 DataNode/(10464:10464): [DATABIN] El bloque N°50 fue leido
[INFO] 18:43:35:265 DataNode/(10464:10464): [DATABIN] El bloque N°52 fue leido
[INFO] 18:43:35:285 DataNode/(10464:10464): [DATABIN] El bloque N°55 fue leido
[INFO] 18:43:35:287 DataNode/(10464:10464): [DATABIN] El bloque N°56 fue leido
[INFO] 18:43:35:291 DataNode/(10464:10464): [DATABIN] El bloque N°58 fue leido
[INFO] 18:43:35:301 DataNode/(10464:10464): [DATABIN] El bloque N°61 fue leido
[INFO] 18:43:35:307 DataNode/(10464:10464): [DATABIN] El bloque N°62 fue leido
[INFO] 18:43:35:310 DataNode/(10464:10464): [DATABIN] El bloque N°64 fue leido
[INFO] 18:43:35:324 DataNode/(10464:10464): [DATABIN] El bloque N°67 fue leido
[INFO] 18:43:35:327 DataNode/(10464:10464): [DATABIN] El bloque N°68 fue leido
[INFO] 18:43:35:332 DataNode/(10464:10464): [DATABIN] El bloque N°70 fue leido
[INFO] 18:43:35:349 DataNode/(10464:10464): [DATABIN] El bloque N°73 fue leido
[INFO] 18:43:35:354 DataNode/(10464:10464): [DATABIN] El bloque N°74 fue leido
[INFO] 18:43:35:357 DataNode/(10464:10464): [DATABIN] El bloque N°76 fue leido
[INFO] 18:43:35:372 DataNode/(10464:10464): [DATABIN] El bloque N°79 fue leido
[INFO] 18:43:35:374 DataNode/(10464:10464): [DATABIN] El bloque N°80 fue leido
[INFO] 18:43:35:382 DataNode/(10464:10464): [DATABIN] El bloque N°82 fue leido
[INFO] 18:43:35:394 DataNode/(10464:10464): [DATABIN] El bloque N°85 fue leido
[INFO] 18:43:35:398 DataNode/(10464:10464): [DATABIN] El bloque N°86 fue leido
[INFO] 18:43:35:402 DataNode/(10464:10464): [DATABIN] El bloque N°88 fue leido
[INFO] 18:43:35:419 DataNode/(10464:10464): [DATABIN] El bloque N°91 fue leido
[INFO] 18:43:35:423 DataNode/(10464:10464): [DATABIN] El bloque N°92 fue leido
[INFO] 18:43:35:428 DataNode/(10464:10464): [DATABIN] El bloque N°94 fue leido
[INFO] 18:43:35:443 DataNode/(10464:10464): [DATABIN] El bloque N°97 fue leido
[INFO] 18:43:35:448 DataNode/(10464:10464): [DATABIN] El bloque N°98 fue leido
[INFO] 18:43:35:454 DataNode/(10464:10464): [DATABIN] El bloque N°100 fue leido
[INFO] 18:43:35:465 DataNode/(10464:10464): [DATABIN] El bloque N°103 fue leido
[INFO] 18:43:35:470 DataNode/(10464:10464): [DATABIN] El bloque N°104 fue leido
[INFO] 18:43:35:476 DataNode/(10464:10464): [DATABIN] El bloque N°106 fue leido
[INFO] 18:43:35:490 DataNode/(10464:10464): [DATABIN] El bloque N°109 fue leido
[INFO] 18:43:35:497 DataNode/(10464:10464): [DATABIN] El bloque N°110 fue leido
[INFO] 18:43:35:504 DataNode/(10464:10464): [DATABIN] El bloque N°112 fue leido
[INFO] 18:43:35:516 DataNode/(10464:10464): [DATABIN] El bloque N°115 fue leido
[INFO] 18:43:35:522 DataNode/(10464:10464): [DATABIN] El bloque N°116 fue leido
[INFO] 18:43:35:529 DataNode/(10464:10464): [DATABIN] El bloque N°118 fue leido
[INFO] 18:43:35:541 DataNode/(10464:10464): [DATABIN] El bloque N°121 fue leido
[INFO] 18:43:35:544 DataNode/(10464:10464): [DATABIN] El bloque N°122 fue leido
[INFO] 18:43:35:549 DataNode/(10464:10464): [DATABIN] El bloque N°124 fue leido
[INFO] 18:43:35:567 DataNode/(10464:10464): [DATABIN] El bloque N°127 fue leido
[INFO] 18:43:35:569 DataNode/(10464:10464): [DATABIN] El bloque N°128 fue leido
[INFO] 18:43:35:573 DataNode/(10464:10464): [DATABIN] El bloque N°130 fue leido
[INFO] 18:43:35:582 DataNode/(10464:10464): [DATABIN] El bloque N°133 fue leido
[INFO] 18:43:35:589 DataNode/(10464:10464): [DATABIN] El bloque N°134 fue leido
[INFO] 18:43:35:601 DataNode/(10464:10464): [DATABIN] El bloque N°136 fue leido
[INFO] 18:43:35:615 DataNode/(10464:10464): [DATABIN] El bloque N°139 fue leido
[INFO] 18:43:35:622 DataNode/(10464:10464): [DATABIN] El bloque N°140 fue leido
[INFO] 18:43:35:627 DataNode/(10464:10464): [DATABIN] El bloque N°142 fue leido
[INFO] 18:43:35:640 DataNode/(10464:10464): [DATABIN] El bloque N°145 fue leido
[INFO] 18:43:35:646 DataNode/(10464:10464): [DATABIN] El bloque N°146 fue leido
[INFO] 18:43:35:649 DataNode/(10464:10464): [DATABIN] El bloque N°148 fue leido
[INFO] 18:43:35:665 DataNode/(10464:10464): [DATABIN] El bloque N°151 fue leido
[INFO] 18:43:35:669 DataNode/(10464:10464): [DATABIN] El bloque N°152 fue leido
[INFO] 18:43:35:672 DataNode/(10464:10464): [DATABIN] El bloque N°154 fue leido
[INFO] 18:43:35:687 DataNode/(10464:10464): [DATABIN] El bloque N°157 fue leido
[INFO] 18:43:35:690 DataNode/(10464:10464): [DATABIN] El bloque N°158 fue leido
[INFO] 18:43:35:699 DataNode/(10464:10464): [DATABIN] El bloque N°160 fue leido
[INFO] 18:43:35:711 DataNode/(10464:10464): [DATABIN] El bloque N°163 fue leido
[INFO] 18:43:35:720 DataNode/(10464:10464): [DATABIN] El bloque N°164 fue leido
[INFO] 18:43:35:723 DataNode/(10464:10464): [DATABIN] El bloque N°166 fue leido
[INFO] 18:43:35:739 DataNode/(10464:10464): [DATABIN] El bloque N°169 fue leido
[INFO] 18:43:35:748 DataNode/(10464:10464): [DATABIN] El bloque N°170 fue leido
[INFO] 18:43:35:756 DataNode/(10464:10464): [DATABIN] El bloque N°172 fue leido
[INFO] 18:43:35:767 DataNode/(10464:10464): [DATABIN] El bloque N°175 fue leido
[INFO] 18:43:35:772 DataNode/(10464:10464): [DATABIN] El bloque N°176 fue leido
[INFO] 18:43:35:780 DataNode/(10464:10464): [DATABIN] El bloque N°178 fue leido
[INFO] 18:43:35:799 DataNode/(10464:10464): [DATABIN] El bloque N°181 fue leido
[INFO] 18:43:35:806 DataNode/(10464:10464): [DATABIN] El bloque N°182 fue leido
[INFO] 18:43:35:813 DataNode/(10464:10464): [DATABIN] El bloque N°184 fue leido
[INFO] 18:43:35:826 DataNode/(10464:10464): [DATABIN] El bloque N°187 fue leido
[INFO] 18:43:35:832 DataNode/(10464:10464): [DATABIN] El bloque N°188 fue leido
[INFO] 18:43:35:835 DataNode/(10464:10464): [DATABIN] El bloque N°190 fue leido
[INFO] 18:43:35:857 DataNode/(10464:10464): [DATABIN] El bloque N°193 fue leido
[INFO] 18:43:35:860 DataNode/(10464:10464): [DATABIN] El bloque N°194 fue leido
[INFO] 18:43:35:869 DataNode/(10464:10464): [DATABIN] El bloque N°196 fue leido
[INFO] 18:43:35:880 DataNode/(10464:10464): [DATABIN] El bloque N°199 fue leido
[INFO] 18:43:35:886 DataNode/(10464:10464): [DATABIN] El bloque N°200 fue leido
[INFO] 18:43:35:889 DataNode/(10464:10464): [DATABIN] El bloque N°202 fue leido
[INFO] 18:43:35:928 DataNode/(10464:10464): [DATABIN] El bloque N°205 fue leido
[INFO] 18:43:35:933 DataNode/(10464:10464): [DATABIN] El bloque N°206 fue leido
[INFO] 18:43:35:939 DataNode/(10464:10464): [DATABIN] El bloque N°208 fue leido
[INFO] 18:43:35:954 DataNode/(10464:10464): [DATABIN] El bloque N°211 fue leido
[INFO] 18:43:35:959 DataNode/(10464:10464): [DATABIN] El bloque N°212 fue leido
[INFO] 18:43:35:967 DataNode/(10464:10464): [DATABIN] El bloque N°214 fue leido
[INFO] 18:43:35:981 DataNode/(10464:10464): [DATABIN] El bloque N°217 fue leido
[INFO] 18:43:35:986 DataNode/(10464:10464): [DATABIN] El bloque N°218 fue leido
[INFO] 18:43:35:993 DataNode/(10464:10464): [DATABIN] El bloque N°220 fue leido
[INFO] 18:43:36:10 DataNode/(10464:10464): [DATABIN] El bloque N°223 fue leido
[INFO] 18:43:36:39 DataNode/(10464:10464): [DATABIN] El bloque N°224 fue leido
[INFO] 18:44:15:342 DataNode/(10464:10464): [DATABIN] El bloque N°5 fue leido
[INFO] 18:44:15:345 DataNode/(10464:10464): [DATABIN] El bloque N°6 fue leido
[INFO] 18:44:15:359 DataNode/(10464:10464): [DATABIN] El bloque N°9 fue leido
[INFO] 18:44:15:364 DataNode/(10464:10464): [DATABIN] El bloque N°11 fue leido
[INFO] 18:44:15:367 DataNode/(10464:10464): [DATABIN] El bloque N°12 fue leido
[INFO] 18:44:15:382 DataNode/(10464:10464): [DATABIN] El bloque N°15 fue leido
[INFO] 18:44:15:390 DataNode/(10464:10464): [DATABIN] El bloque N°17 fue leido
[INFO] 18:44:15:393 DataNode/(10464:10464): [DATABIN] El bloque N°18 fue leido
[INFO] 18:44:15:404 DataNode/(10464:10464): [DATABIN] El bloque N°21 fue leido
[INFO] 18:44:15:411 DataNode/(10464:10464): [DATABIN] El bloque N°23 fue leido
[INFO] 18:44:15:414 DataNode/(10464:10464): [DATABIN] El bloque N°24 fue leido
[INFO] 18:44:15:428 DataNode/(10464:10464): [DATABIN] El bloque N°27 fue leido
[INFO] 18:44:15:434 DataNode/(10464:10464): [DATABIN] El bloque N°29 fue leido
[INFO] 18:44:15:440 DataNode/(10464:10464): [DATABIN] El bloque N°30 fue leido
[INFO] 18:44:15:448 DataNode/(10464:10464): [DATABIN] El bloque N°33 fue leido
[INFO] 18:44:15:454 DataNode/(10464:10464): [DATABIN] El bloque N°35 fue leido
[INFO] 18:44:15:460 DataNode/(10464:10464): [DATABIN] El bloque N°36 fue leido
[INFO] 18:44:15:473 DataNode/(10464:10464): [DATABIN] El bloque N°39 fue leido
[INFO] 18:44:15:476 DataNode/(10464:10464): [DATABIN] El bloque N°41 fue leido
[INFO] 18:44:15:479 DataNode/(10464:10464): [DATABIN] El bloque N°42 fue leido
[INFO] 18:44:15:496 DataNode/(10464:10464): [DATABIN] El bloque N°45 fue leido
[INFO] 18:44:15:499 DataNode/(10464:10464): [DATABIN] El bloque N°47 fue leido
[INFO] 18:44:15:502 DataNode/(10464:10464): [DATABIN] El bloque N°48 fue leido
[INFO] 18:44:15:515 DataNode/(10464:10464): [DATABIN] El bloque N°51 fue leido
[INFO] 18:44:15:521 DataNode/(10464:10464): [DATABIN] El bloque N°53 fue leido
[INFO] 18:44:15:526 DataNode/(10464:10464): [DATABIN] El bloque N°54 fue leido
[INFO] 18:44:15:536 DataNode/(10464:10464): [DATABIN] El bloque N°57 fue leido
[INFO] 18:44:15:541 DataNode/(10464:10464): [DATABIN] El bloque N°59 fue leido
[INFO] 18:44:15:546 DataNode/(10464:10464): [DATABIN] El bloque N°60 fue leido
[INFO] 18:44:15:559 DataNode/(10464:10464): [DATABIN] El bloque N°63 fue leido
[INFO] 18:44:15:566 DataNode/(10464:10464): [DATABIN] El bloque N°65 fue leido
[INFO] 18:44:15:569 DataNode/(10464:10464): [DATABIN] El bloque N°66 fue leido
[INFO] 18:44:15:585 DataNode/(10464:10464): [DATABIN] El bloque N°69 fue leido
[INFO] 18:44:15:592 DataNode/(10464:10464): [DATABIN] El bloque N°71 fue leido
[INFO] 18:44:15:594 DataNode/(10464:10464): [DATABIN] El bloque N°72 fue leido
[INFO] 18:44:15:608 DataNode/(10464:10464): [DATABIN] El bloque N°75 fue leido
[INFO] 18:44:15:615 DataNode/(10464:10464): [DATABIN] El bloque N°77 fue leido
[INFO] 18:44:15:618 DataNode/(10464:10464): [DATABIN] El bloque N°78 fue leido
[INFO] 18:44:15:631 DataNode/(10464:10464): [DATABIN] El bloque N°81 fue leido
[INFO] 18:44:15:637 DataNode/(10464:10464): [DATABIN] El bloque N°83 fue leido
[INFO] 18:44:15:640 DataNode/(10464:10464): [DATABIN] El bloque N°84 fue leido
[INFO] 18:44:15:672 DataNode/(10464:10464): [DATABIN] El bloque N°87 fue leido
[INFO] 18:44:15:681 DataNode/(10464:10464): [DATABIN] El bloque N°89 fue leido
[INFO] 18:44:15:688 DataNode/(10464:10464): [DATABIN] El bloque N°90 fue leido
[INFO] 18:44:15:702 DataNode/(10464:10464): [DATABIN] El bloque N°93 fue leido
[INFO] 18:44:15:704 DataNode/(10464:10464): [DATABIN] El bloque N°95 fue leido
[INFO] 18:44:15:713 DataNode/(10464:10464): [DATABIN] El bloque N°96 fue leido
[INFO] 18:44:15:725 DataNode/(10464:10464): [DATABIN] El bloque N°99 fue leido
[INFO] 18:44:15:731 DataNode/(10464:10464): [DATABIN] El bloque N°101 fue leido
[INFO] 18:44:15:739 DataNode/(10464:10464): [DATABIN] El bloque N°102 fue leido
[INFO] 18:44:15:751 DataNode/(10464:10464): [DATABIN] El bloque N°105 fue leido
[INFO] 18:44:15:757 DataNode/(10464:10464): [DATABIN] El bloque N°107 fue leido
[INFO] 18:44:15:763 DataNode/(10464:10464): [DATABIN] El bloque N°108 fue leido
[INFO] 18:44:15:778 DataNode/(10464:10464): [DATABIN] El bloque N°111 fue leido
[INFO] 18:44:15:781 DataNode/(10464:10464): [DATABIN] El bloque N°113 fue leido
[INFO] 18:44:15:788 DataNode/(10464:10464): [DATABIN] El bloque N°114 fue leido
[INFO] 18:44:15:803 DataNode/(10464:10464): [DATABIN] El bloque N°117 fue leido
[INFO] 18:44:15:811 DataNode/(10464:10464): [DATABIN] El bloque N°119 fue leido
[INFO] 18:44:15:816 DataNode/(10464:10464): [DATABIN] El bloque N°120 fue leido
[INFO] 18:44:15:832 DataNode/(10464:10464): [DATABIN] El bloque N°123 fue leido
[INFO] 18:44:15:838 DataNode/(10464:10464): [DATABIN] El bloque N°125 fue leido
[INFO] 18:44:15:843 DataNode/(10464:10464): [DATABIN] El bloque N°126 fue leido
[INFO] 18:44:15:860 DataNode/(10464:10464): [DATABIN] El bloque N°129 fue leido
[INFO] 18:44:15:864 DataNode/(10464:10464): [DATABIN] El bloque N°131 fue leido
[INFO] 18:44:15:868 DataNode/(10464:10464): [DATABIN] El bloque N°132 fue leido
[INFO] 18:44:15:885 DataNode/(10464:10464): [DATABIN] El bloque N°135 fue leido
[INFO] 18:44:15:889 DataNode/(10464:10464): [DATABIN] El bloque N°137 fue leido
[INFO] 18:44:15:896 DataNode/(10464:10464): [DATABIN] El bloque N°138 fue leido
[INFO] 18:44:15:906 DataNode/(10464:10464): [DATABIN] El bloque N°141 fue leido
[INFO] 18:44:15:911 DataNode/(10464:10464): [DATABIN] El bloque N°143 fue leido
[INFO] 18:44:15:916 DataNode/(10464:10464): [DATABIN] El bloque N°144 fue leido
[INFO] 18:44:15:932 DataNode/(10464:10464): [DATABIN] El bloque N°147 fue leido
[INFO] 18:44:15:940 DataNode/(10464:10464): [DATABIN] El bloque N°149 fue leido
[INFO] 18:44:15:949 DataNode/(10464:10464): [DATABIN] El bloque N°150 fue leido
[INFO] 18:44:15:961 DataNode/(10464:10464): [DATABIN] El bloque N°153 fue leido
[INFO] 18:44:15:963 DataNode/(10464:10464): [DATABIN] El bloque N°155 fue leido
[INFO] 18:44:15:968 DataNode/(10464:10464): [DATABIN] El bloque N°156 fue leido
[INFO] 18:44:15:985 DataNode/(10464:10464): [DATABIN] El bloque N°159 fue leido
[INFO] 18:44:15:992 DataNode/(10464:10464): [DATABIN] El bloque N°161 fue leido
[INFO] 18:44:15:996 DataNode/(10464:10464): [DATABIN] El bloque N°162 fue leido
[INFO] 18:44:16:13 DataNode/(10464:10464): [DATABIN] El bloque N°165 fue leido
[INFO] 18:44:16:19 DataNode/(10464:10464): [DATABIN] El bloque N°167 fue leido
[INFO] 18:44:16:25 DataNode/(10464:10464): [DATABIN] El bloque N°168 fue leido
[INFO] 18:44:16:47 DataNode/(10464:10464): [DATABIN] El bloque N°171 fue leido
[INFO] 18:44:16:49 DataNode/(10464:10464): [DATABIN] El bloque N°173 fue leido
[INFO] 18:44:16:62 DataNode/(10464:10464): [DATABIN] El bloque N°174 fue leido
[INFO] 18:44:16:79 DataNode/(10464:10464): [DATABIN] El bloque N°177 fue leido
[INFO] 18:44:16:85 DataNode/(10464:10464): [DATABIN] El bloque N°179 fue leido
[INFO] 18:44:16:89 DataNode/(10464:10464): [DATABIN] El bloque N°180 fue leido
[INFO] 18:44:16:105 DataNode/(10464:10464): [DATABIN] El bloque N°183 fue leido
[INFO] 18:44:16:113 DataNode/(10464:10464): [DATABIN] El bloque N°185 fue leido
[INFO] 18:44:16:119 DataNode/(10464:10464): [DATABIN] El bloque N°186 fue leido
[INFO] 18:44:16:131 DataNode/(10464:10464): [DATABIN] El bloque N°189 fue leido
[INFO] 18:44:16:140 DataNode/(10464:10464): [DATABIN] El bloque N°191 fue leido
[INFO] 18:44:16:146 DataNode/(10464:10464): [DATABIN] El bloque N°192 fue leido
[INFO] 18:44:16:164 DataNode/(10464:10464): [DATABIN] El bloque N°195 fue leido
[INFO] 18:44:16:166 DataNode/(10464:10464): [DATABIN] El bloque N°197 fue leido
[INFO] 18:44:16:174 DataNode/(10464:10464): [DATABIN] El bloque N°198 fue leido
[INFO] 18:44:16:187 DataNode/(10464:10464): [DATABIN] El bloque N°201 fue leido
[INFO] 18:44:16:195 DataNode/(10464:10464): [DATABIN] El bloque N°203 fue leido
[INFO] 18:44:16:204 DataNode/(10464:10464): [DATABIN] El bloque N°204 fue leido
[INFO] 18:44:16:217 DataNode/(10464:10464): [DATABIN] El bloque N°207 fue leido
[INFO] 18:44:16:222 DataNode/(10464:10464): [DATABIN] El bloque N°209 fue leido
[INFO] 18:44:16:228 DataNode/(10464:10464): [DATABIN] El bloque N°210 fue leido
[INFO] 18:44:16:241 DataNode/(10464:10464): [DATABIN] El bloque N°213 fue leido
[INFO] 18:44:16:249 DataNode/(10464:10464): [DATABIN] El bloque N°215 fue leido
[INFO] 18:44:16:256 DataNode/(10464:10464): [DATABIN] El bloque N°216 fue leido
[INFO] 18:44:16:275 DataNode/(10464:10464): [DATABIN] El bloque N°219 fue leido
[INFO] 18:44:16:281 DataNode/(10464:10464): [DATABIN] El bloque N°221 fue leido
[INFO] 18:44:16:286 DataNode/(10464:10464): [DATABIN] El bloque N°222 fue leido
[INFO] 18:44:16:297 DataNode/(10464:10464): [DATABIN] El bloque N°225 fue leido
[INFO] 18:44:32:530 DataNode/(10464:10464): [DATABIN] El bloque N°4 fue leido
[INFO] 18:44:32:538 DataNode/(10464:10464): [DATABIN] El bloque N°7 fue leido
[INFO] 18:44:32:540 DataNode/(10464:10464): [DATABIN] El bloque N°8 fue leido
[INFO] 18:44:32:553 DataNode/(10464:10464): [DATABIN] El bloque N°10 fue leido
[INFO] 18:44:32:564 DataNode/(10464:10464): [DATABIN] El bloque N°13 fue leido
[INFO] 18:44:32:573 DataNode/(10464:10464): [DATABIN] El bloque N°14 fue leido
[INFO] 18:44:32:576 DataNode/(10464:10464): [DATABIN] El bloque N°16 fue leido
[INFO] 18:44:32:588 DataNode/(10464:10464): [DATABIN] El bloque N°19 fue leido
[INFO] 18:44:32:593 DataNode/(10464:10464): [DATABIN] El bloque N°20 fue leido
[INFO] 18:44:32:598 DataNode/(10464:10464): [DATABIN] El bloque N°22 fue leido
[INFO] 18:44:32:612 DataNode/(10464:10464): [DATABIN] El bloque N°25 fue leido
[INFO] 18:44:32:615 DataNode/(10464:10464): [DATABIN] El bloque N°26 fue leido
[INFO] 18:44:32:619 DataNode/(10464:10464): [DATABIN] El bloque N°28 fue leido
[INFO] 18:44:32:631 DataNode/(10464:10464): [DATABIN] El bloque N°31 fue leido
[INFO] 18:44:32:638 DataNode/(10464:10464): [DATABIN] El bloque N°32 fue leido
[INFO] 18:44:32:645 DataNode/(10464:10464): [DATABIN] El bloque N°34 fue leido
[INFO] 18:44:32:653 DataNode/(10464:10464): [DATABIN] El bloque N°37 fue leido
[INFO] 18:44:32:663 DataNode/(10464:10464): [DATABIN] El bloque N°38 fue leido
[INFO] 18:44:32:671 DataNode/(10464:10464): [DATABIN] El bloque N°40 fue leido
[INFO] 18:44:32:685 DataNode/(10464:10464): [DATABIN] El bloque N°43 fue leido
[INFO] 18:44:32:687 DataNode/(10464:10464): [DATABIN] El bloque N°44 fue leido
[INFO] 18:44:32:690 DataNode/(10464:10464): [DATABIN] El bloque N°46 fue leido
[INFO] 18:44:32:699 DataNode/(10464:10464): [DATABIN] El bloque N°49 fue leido
[INFO] 18:44:32:706 DataNode/(10464:10464): [DATABIN] El bloque N°50 fue leido
[INFO] 18:44:32:711 DataNode/(10464:10464): [DATABIN] El bloque N°52 fue leido
[INFO] 18:44:32:722 DataNode/(10464:10464): [DATABIN] El bloque N°55 fue leido
[INFO] 18:44:32:729 DataNode/(10464:10464): [DATABIN] El bloque N°56 fue leido
[INFO] 18:44:32:735 DataNode/(10464:10464): [DATABIN] El bloque N°58 fue leido
[INFO] 18:44:32:746 DataNode/(10464:10464): [DATABIN] El bloque N°61 fue leido
[INFO] 18:44:32:749 DataNode/(10464:10464): [DATABIN] El bloque N°62 fue leido
[INFO] 18:44:32:756 DataNode/(10464:10464): [DATABIN] El bloque N°64 fue leido
[INFO] 18:44:32:772 DataNode/(10464:10464): [DATABIN] El bloque N°67 fue leido
[INFO] 18:44:32:778 DataNode/(10464:10464): [DATABIN] El bloque N°68 fue leido
[INFO] 18:44:32:781 DataNode/(10464:10464): [DATABIN] El bloque N°70 fue leido
[INFO] 18:44:32:797 DataNode/(10464:10464): [DATABIN] El bloque N°73 fue leido
[INFO] 18:44:32:799 DataNode/(10464:10464): [DATABIN] El bloque N°74 fue leido
[INFO] 18:44:32:805 DataNode/(10464:10464): [DATABIN] El bloque N°76 fue leido
[INFO] 18:44:32:817 DataNode/(10464:10464): [DATABIN] El bloque N°79 fue leido
[INFO] 18:44:32:820 DataNode/(10464:10464): [DATABIN] El bloque N°80 fue leido
[INFO] 18:44:32:828 DataNode/(10464:10464): [DATABIN] El bloque N°82 fue leido
[INFO] 18:44:32:841 DataNode/(10464:10464): [DATABIN] El bloque N°85 fue leido
[INFO] 18:44:32:845 DataNode/(10464:10464): [DATABIN] El bloque N°86 fue leido
[INFO] 18:44:32:857 DataNode/(10464:10464): [DATABIN] El bloque N°88 fue leido
[INFO] 18:44:32:867 DataNode/(10464:10464): [DATABIN] El bloque N°91 fue leido
[INFO] 18:44:32:874 DataNode/(10464:10464): [DATABIN] El bloque N°92 fue leido
[INFO] 18:44:32:881 DataNode/(10464:10464): [DATABIN] El bloque N°94 fue leido
[INFO] 18:44:32:895 DataNode/(10464:10464): [DATABIN] El bloque N°97 fue leido
[INFO] 18:44:32:897 DataNode/(10464:10464): [DATABIN] El bloque N°98 fue leido
[INFO] 18:44:32:901 DataNode/(10464:10464): [DATABIN] El bloque N°100 fue leido
[INFO] 18:44:32:917 DataNode/(10464:10464): [DATABIN] El bloque N°103 fue leido
[INFO] 18:44:32:926 DataNode/(10464:10464): [DATABIN] El bloque N°104 fue leido
[INFO] 18:44:32:929 DataNode/(10464:10464): [DATABIN] El bloque N°106 fue leido
[INFO] 18:44:32:941 DataNode/(10464:10464): [DATABIN] El bloque N°109 fue leido
[INFO] 18:44:32:944 DataNode/(10464:10464): [DATABIN] El bloque N°110 fue leido
[INFO] 18:44:32:954 DataNode/(10464:10464): [DATABIN] El bloque N°112 fue leido
[INFO] 18:44:32:965 DataNode/(10464:10464): [DATABIN] El bloque N°115 fue leido
[INFO] 18:44:32:974 DataNode/(10464:10464): [DATABIN] El bloque N°116 fue leido
[INFO] 18:44:32:980 DataNode/(10464:10464): [DATABIN] El bloque N°118 fue leido
[INFO] 18:44:32:997 DataNode/(10464:10464): [DATABIN] El bloque N°121 fue leido
[INFO] 18:44:32:2 DataNode/(10464:10464): [DATABIN] El bloque N°122 fue leido
[INFO] 18:44:33:7 DataNode/(10464:10464): [DATABIN] El bloque N°124 fue leido
[INFO] 18:44:33:19 DataNode/(10464:10464): [DATABIN] El bloque N°127 fue leido
[INFO] 18:44:33:22 DataNode/(10464:10464): [DATABIN] El bloque N°128 fue leido
[INFO] 18:44:33:30 DataNode/(10464:10464): [DATABIN] El bloque N°130 fue leido
[INFO] 18:44:33:63 DataNode/(10464:10464): [DATABIN] El bloque N°133 fue leido
[INFO] 18:44:33:65 DataNode/(10464:10464): [DATABIN] El bloque N°134 fue leido
[INFO] 18:44:33:69 DataNode/(10464:10464): [DATABIN] El bloque N°136 fue leido
[INFO] 18:44:33:89 DataNode/(10464:10464): [DATABIN] El bloque N°139 fue leido
[INFO] 18:44:33:93 DataNode/(10464:10464): [DATABIN] El bloque N°140 fue leido
[INFO] 18:44:33:99 DataNode/(10464:10464): [DATABIN] El bloque N°142 fue leido
[INFO] 18:44:33:115 DataNode/(10464:10464): [DATABIN] El bloque N°145 fue leido
[INFO] 18:44:33:120 DataNode/(10464:10464): [DATABIN] El bloque N°146 fue leido
[INFO] 18:44:33:126 DataNode/(10464:10464): [DATABIN] El bloque N°148 fue leido
[INFO] 18:44:33:138 DataNode/(10464:10464): [DATABIN] El bloque N°151 fue leido
[INFO] 18:44:33:145 DataNode/(10464:10464): [DATABIN] El bloque N°152 fue leido
[INFO] 18:44:33:150 DataNode/(10464:10464): [DATABIN] El bloque N°154 fue leido
[INFO] 18:44:33:168 DataNode/(10464:10464): [DATABIN] El bloque N°157 fue leido
[INFO] 18:44:33:171 DataNode/(10464:10464): [DATABIN] El bloque N°158 fue leido
[INFO] 18:44:33:178 DataNode/(10464:10464): [DATABIN] El bloque N°160 fue leido
[INFO] 18:44:33:192 DataNode/(10464:10464): [DATABIN] El bloque N°163 fue leido
[INFO] 18:44:33:201 DataNode/(10464:10464): [DATABIN] El bloque N°164 fue leido
[INFO] 18:44:33:207 DataNode/(10464:10464): [DATABIN] El bloque N°166 fue leido
[INFO] 18:44:33:222 DataNode/(10464:10464): [DATABIN] El bloque N°169 fue leido
[INFO] 18:44:33:229 DataNode/(10464:10464): [DATABIN] El bloque N°170 fue leido
[INFO] 18:44:33:235 DataNode/(10464:10464): [DATABIN] El bloque N°172 fue leido
[INFO] 18:44:33:246 DataNode/(10464:10464): [DATABIN] El bloque N°175 fue leido
[INFO] 18:44:33:252 DataNode/(10464:10464): [DATABIN] El bloque N°176 fue leido
[INFO] 18:44:33:255 DataNode/(10464:10464): [DATABIN] El bloque N°178 fue leido
[INFO] 18:44:33:271 DataNode/(10464:10464): [DATABIN] El bloque N°181 fue leido
[INFO] 18:44:33:279 DataNode/(10464:10464): [DATABIN] El bloque N°182 fue leido
[INFO] 18:44:33:282 DataNode/(10464:10464): [DATABIN] El bloque N°184 fue leido
[INFO] 18:44:33:304 DataNode/(10464:10464): [DATABIN] El bloque N°187 fue leido
[INFO] 18:44:33:309 DataNode/(10464:10464): [DATABIN] El bloque N°188 fue leido
[INFO] 18:44:33:314 DataNode/(10464:10464): [DATABIN] El bloque N°190 fue leido
[INFO] 18:44:33:328 DataNode/(10464:10464): [DATABIN] El bloque N°193 fue leido
[INFO] 18:44:33:334 DataNode/(10464:10464): [DATABIN] El bloque N°194 fue leido
[INFO] 18:44:33:339 DataNode/(10464:10464): [DATABIN] El bloque N°196 fue leido
[INFO] 18:44:33:356 DataNode/(10464:10464): [DATABIN] El bloque N°199 fue leido
[INFO] 18:44:33:362 DataNode/(10464:10464): [DATABIN] El bloque N°200 fue leido
[INFO] 18:44:33:369 DataNode/(10464:10464): [DATABIN] El bloque N°202 fue leido
[INFO] 18:44:33:382 DataNode/(10464:10464): [DATABIN] El bloque N°205 fue leido
[INFO] 18:44:33:385 DataNode/(10464:10464): [DATABIN] El bloque N°206 fue leido
[INFO] 18:44:33:391 DataNode/(10464:10464): [DATABIN] El bloque N°208 fue leido
[INFO] 18:44:33:406 DataNode/(10464:10464): [DATABIN] El bloque N°211 fue leido
[INFO] 18:44:33:415 DataNode/(10464:10464): [DATABIN] El bloque N°212 fue leido
[INFO] 18:44:33:423 DataNode/(10464:10464): [DATABIN] El bloque N°214 fue leido
[INFO] 18:44:33:438 DataNode/(10464:10464): [DATABIN] El bloque N°217 fue leido
[INFO] 18:44:33:447 DataNode/(10464:10464): [DATABIN] El bloque N°218 fue leido
[INFO] 18:44:33:452 DataNode/(10464:10464): [DATABIN] El bloque N°220 fue leido
[INFO] 18:44:33:466 DataNode/(10464:10464): [DATABIN] El bloque N°223 fue leido
[INFO] 18:44:33:469 DataNode/(10464:10464): [DATABIN] El bloque N°224 fue leido
[INFO] 18:44:40:689 DataNode/(10464:10464): [DATABIN] El bloque N°5 fue leido
[INFO] 18:44:40:693 DataNode/(10464:10464): [DATABIN] El bloque N°6 fue leido
[INFO] 18:44:40:706 DataNode/(10464:10464): [DATABIN] El bloque N°9 fue leido
[INFO] 18:44:40:709 DataNode/(10464:10464): [DATABIN] El bloque N°11 fue leido
[INFO] 18:44:40:716 DataNode/(10464:10464): [DATABIN] El bloque N°12 fue leido
[INFO] 18:44:40:731 DataNode/(10464:10464): [DATABIN] El bloque N°15 fue leido
[INFO] 18:44:40:736 DataNode/(10464:10464): [DATABIN] El bloque N°17 fue leido
[INFO] 18:44:40:739 DataNode/(10464:10464): [DATABIN] El bloque N°18 fue leido
[INFO] 18:44:40:753 DataNode/(10464:10464): [DATABIN] El bloque N°21 fue leido
[INFO] 18:44:40:757 DataNode/(10464:10464): [DATABIN] El bloque N°23 fue leido
[INFO] 18:44:40:760 DataNode/(10464:10464): [DATABIN] El bloque N°24 fue leido
[INFO] 18:44:40:772 DataNode/(10464:10464): [DATABIN] El bloque N°27 fue leido
[INFO] 18:44:40:775 DataNode/(10464:10464): [DATABIN] El bloque N°29 fue leido
[INFO] 18:44:40:787 DataNode/(10464:10464): [DATABIN] El bloque N°30 fue leido
[INFO] 18:44:40:801 DataNode/(10464:10464): [DATABIN] El bloque N°33 fue leido
[INFO] 18:44:40:804 DataNode/(10464:10464): [DATABIN] El bloque N°35 fue leido
[INFO] 18:44:40:816 DataNode/(10464:10464): [DATABIN] El bloque N°36 fue leido
[INFO] 18:44:40:827 DataNode/(10464:10464): [DATABIN] El bloque N°39 fue leido
[INFO] 18:44:40:831 DataNode/(10464:10464): [DATABIN] El bloque N°41 fue leido
[INFO] 18:44:40:834 DataNode/(10464:10464): [DATABIN] El bloque N°42 fue leido
[INFO] 18:44:40:851 DataNode/(10464:10464): [DATABIN] El bloque N°45 fue leido
[INFO] 18:44:40:858 DataNode/(10464:10464): [DATABIN] El bloque N°47 fue leido
[INFO] 18:44:40:862 DataNode/(10464:10464): [DATABIN] El bloque N°48 fue leido
[INFO] 18:44:40:873 DataNode/(10464:10464): [DATABIN] El bloque N°51 fue leido
[INFO] 18:44:40:880 DataNode/(10464:10464): [DATABIN] El bloque N°53 fue leido
[INFO] 18:44:40:883 DataNode/(10464:10464): [DATABIN] El bloque N°54 fue leido
[INFO] 18:44:40:895 DataNode/(10464:10464): [DATABIN] El bloque N°57 fue leido
[INFO] 18:44:40:897 DataNode/(10464:10464): [DATABIN] El bloque N°59 fue leido
[INFO] 18:44:40:909 DataNode/(10464:10464): [DATABIN] El bloque N°60 fue leido
[INFO] 18:44:40:921 DataNode/(10464:10464): [DATABIN] El bloque N°63 fue leido
[INFO] 18:44:40:924 DataNode/(10464:10464): [DATABIN] El bloque N°65 fue leido
[INFO] 18:44:40:928 DataNode/(10464:10464): [DATABIN] El bloque N°66 fue leido
[INFO] 18:44:40:944 DataNode/(10464:10464): [DATABIN] El bloque N°69 fue leido
[INFO] 18:44:40:952 DataNode/(10464:10464): [DATABIN] El bloque N°71 fue leido
[INFO] 18:44:40:955 DataNode/(10464:10464): [DATABIN] El bloque N°72 fue leido
[INFO] 18:44:40:967 DataNode/(10464:10464): [DATABIN] El bloque N°75 fue leido
[INFO] 18:44:40:974 DataNode/(10464:10464): [DATABIN] El bloque N°77 fue leido
[INFO] 18:44:40:976 DataNode/(10464:10464): [DATABIN] El bloque N°78 fue leido
[INFO] 18:44:40:989 DataNode/(10464:10464): [DATABIN] El bloque N°81 fue leido
[INFO] 18:44:40:997 DataNode/(10464:10464): [DATABIN] El bloque N°83 fue leido
[INFO] 18:44:41:3 DataNode/(10464:10464): [DATABIN] El bloque N°84 fue leido
[INFO] 18:44:41:16 DataNode/(10464:10464): [DATABIN] El bloque N°87 fue leido
[INFO] 18:44:41:18 DataNode/(10464:10464): [DATABIN] El bloque N°89 fue leido
[INFO] 18:44:41:21 DataNode/(10464:10464): [DATABIN] El bloque N°90 fue leido
[INFO] 18:44:41:38 DataNode/(10464:10464): [DATABIN] El bloque N°93 fue leido
[INFO] 18:44:41:52 DataNode/(10464:10464): [DATABIN] El bloque N°95 fue leido
[INFO] 18:44:41:56 DataNode/(10464:10464): [DATABIN] El bloque N°96 fue leido
[INFO] 18:44:41:72 DataNode/(10464:10464): [DATABIN] El bloque N°99 fue leido
[INFO] 18:44:41:76 DataNode/(10464:10464): [DATABIN] El bloque N°101 fue leido
[INFO] 18:44:41:83 DataNode/(10464:10464): [DATABIN] El bloque N°102 fue leido
[INFO] 18:44:41:97 DataNode/(10464:10464): [DATABIN] El bloque N°105 fue leido
[INFO] 18:44:41:115 DataNode/(10464:10464): [DATABIN] El bloque N°107 fue leido
[INFO] 18:44:41:123 DataNode/(10464:10464): [DATABIN] El bloque N°108 fue leido
[INFO] 18:44:41:140 DataNode/(10464:10464): [DATABIN] El bloque N°111 fue leido
[INFO] 18:44:41:143 DataNode/(10464:10464): [DATABIN] El bloque N°113 fue leido
[INFO] 18:44:41:146 DataNode/(10464:10464): [DATABIN] El bloque N°114 fue leido
[INFO] 18:44:41:166 DataNode/(10464:10464): [DATABIN] El bloque N°117 fue leido
[INFO] 18:44:41:171 DataNode/(10464:10464): [DATABIN] El bloque N°119 fue leido
[INFO] 18:44:41:174 DataNode/(10464:10464): [DATABIN] El bloque N°120 fue leido
[INFO] 18:44:41:191 DataNode/(10464:10464): [DATABIN] El bloque N°123 fue leido
[INFO] 18:44:41:200 DataNode/(10464:10464): [DATABIN] El bloque N°125 fue leido
[INFO] 18:44:41:202 DataNode/(10464:10464): [DATABIN] El bloque N°126 fue leido
[INFO] 18:44:41:215 DataNode/(10464:10464): [DATABIN] El bloque N°129 fue leido
[INFO] 18:44:41:221 DataNode/(10464:10464): [DATABIN] El bloque N°131 fue leido
[INFO] 18:44:41:228 DataNode/(10464:10464): [DATABIN] El bloque N°132 fue leido
[INFO] 18:44:41:238 DataNode/(10464:10464): [DATABIN] El bloque N°135 fue leido
[INFO] 18:44:41:244 DataNode/(10464:10464): [DATABIN] El bloque N°137 fue leido
[INFO] 18:44:41:252 DataNode/(10464:10464): [DATABIN] El bloque N°138 fue leido
[INFO] 18:44:41:265 DataNode/(10464:10464): [DATABIN] El bloque N°141 fue leido
[INFO] 18:44:41:267 DataNode/(10464:10464): [DATABIN] El bloque N°143 fue leido
[INFO] 18:44:41:270 DataNode/(10464:10464): [DATABIN] El bloque N°144 fue leido
[INFO] 18:44:41:290 DataNode/(10464:10464): [DATABIN] El bloque N°147 fue leido
[INFO] 18:44:41:295 DataNode/(10464:10464): [DATABIN] El bloque N°149 fue leido
[INFO] 18:44:41:298 DataNode/(10464:10464): [DATABIN] El bloque N°150 fue leido
[INFO] 18:44:41:317 DataNode/(10464:10464): [DATABIN] El bloque N°153 fue leido
[INFO] 18:44:41:323 DataNode/(10464:10464): [DATABIN] El bloque N°155 fue leido
[INFO] 18:44:41:326 DataNode/(10464:10464): [DATABIN] El bloque N°156 fue leido
[INFO] 18:44:41:339 DataNode/(10464:10464): [DATABIN] El bloque N°159 fue leido
[INFO] 18:44:41:347 DataNode/(10464:10464): [DATABIN] El bloque N°161 fue leido
[INFO] 18:44:41:354 DataNode/(10464:10464): [DATABIN] El bloque N°162 fue leido
[INFO] 18:44:41:361 DataNode/(10464:10464): [DATABIN] El bloque N°165 fue leido
[INFO] 18:44:41:369 DataNode/(10464:10464): [DATABIN] El bloque N°167 fue leido
[INFO] 18:44:41:377 DataNode/(10464:10464): [DATABIN] El bloque N°168 fue leido
[INFO] 18:44:41:390 DataNode/(10464:10464): [DATABIN] El bloque N°171 fue leido
[INFO] 18:44:41:393 DataNode/(10464:10464): [DATABIN] El bloque N°173 fue leido
[INFO] 18:44:41:401 DataNode/(10464:10464): [DATABIN] El bloque N°174 fue leido
[INFO] 18:44:41:417 DataNode/(10464:10464): [DATABIN] El bloque N°177 fue leido
[INFO] 18:44:41:420 DataNode/(10464:10464): [DATABIN] El bloque N°179 fue leido
[INFO] 18:44:41:422 DataNode/(10464:10464): [DATABIN] El bloque N°180 fue leido
[INFO] 18:44:41:441 DataNode/(10464:10464): [DATABIN] El bloque N°183 fue leido
[INFO] 18:44:41:446 DataNode/(10464:10464): [DATABIN] El bloque N°185 fue leido
[INFO] 18:44:41:450 DataNode/(10464:10464): [DATABIN] El bloque N°186 fue leido
[INFO] 18:44:41:463 DataNode/(10464:10464): [DATABIN] El bloque N°189 fue leido
[INFO] 18:44:41:472 DataNode/(10464:10464): [DATABIN] El bloque N°191 fue leido
[INFO] 18:44:41:479 DataNode/(10464:10464): [DATABIN] El bloque N°192 fue leido
[INFO] 18:44:41:487 DataNode/(10464:10464): [DATABIN] El bloque N°195 fue leido
[INFO] 18:44:41:495 DataNode/(10464:10464): [DATABIN] El bloque N°197 fue leido
[INFO] 18:44:41:501 DataNode/(10464:10464): [DATABIN] El bloque N°198 fue leido
[INFO] 18:44:41:515 DataNode/(10464:10464): [DATABIN] El bloque N°201 fue leido
[INFO] 18:44:41:518 DataNode/(10464:10464): [DATABIN] El bloque N°203 fue leido
[INFO] 18:44:41:526 DataNode/(10464:10464): [DATABIN] El bloque N°204 fue leido
[INFO] 18:44:41:541 DataNode/(10464:10464): [DATABIN] El bloque N°207 fue leido
[INFO] 18:44:41:544 DataNode/(10464:10464): [DATABIN] El bloque N°209 fue leido
[INFO] 18:44:41:547 DataNode/(10464:10464): [DATABIN] El bloque N°210 fue leido
[INFO] 18:44:41:567 DataNode/(10464:10464): [DATABIN] El bloque N°213 fue leido
[INFO] 18:44:41:572 DataNode/(10464:10464): [DATABIN] El bloque N°215 fue leido
[INFO] 18:44:41:575 DataNode/(10464:10464): [DATABIN] El bloque N°216 fue leido
[INFO] 18:44:41:587 DataNode/(10464:10464): [DATABIN] El bloque N°219 fue leido
[INFO] 18:44:41:599 DataNode/(10464:10464): [DATABIN] El bloque N°221 fue leido
[INFO] 18:44:41:604 DataNode/(10464:10464): [DATABIN] El bloque N°222 fue leido
[INFO] 18:44:41:619 DataNode/(10464:10464): [DATABIN] El bloque N°225 fue leido
[INFO] 18:44:48:788 DataNode/(10464:10464): [DATABIN] El bloque N°4 fue leido
[INFO] 18:44:48:797 DataNode/(10464:10464): [DATABIN] El bloque N°7 fue leido
[INFO] 18:44:48:807 DataNode/(10464:10464): [DATABIN] El bloque N°8 fue leido
[INFO] 18:44:48:809 DataNode/(10464:10464): [DATABIN] El bloque N°10 fue leido
[INFO] 18:44:48:824 DataNode/(10464:10464): [DATABIN] El bloque N°13 fue leido
[INFO] 18:44:48:830 DataNode/(10464:10464): [DATABIN] El bloque N°14 fue leido
[INFO] 18:44:48:835 DataNode/(10464:10464): [DATABIN] El bloque N°16 fue leido
[INFO] 18:44:48:842 DataNode/(10464:10464): [DATABIN] El bloque N°19 fue leido
[INFO] 18:44:48:845 DataNode/(10464:10464): [DATABIN] El bloque N°20 fue leido
[INFO] 18:44:48:848 DataNode/(10464:10464): [DATABIN] El bloque N°22 fue leido
[INFO] 18:44:48:867 DataNode/(10464:10464): [DATABIN] El bloque N°25 fue leido
[INFO] 18:44:48:871 DataNode/(10464:10464): [DATABIN] El bloque N°26 fue leido
[INFO] 18:44:48:875 DataNode/(10464:10464): [DATABIN] El bloque N°28 fue leido
[INFO] 18:44:48:890 DataNode/(10464:10464): [DATABIN] El bloque N°31 fue leido
[INFO] 18:44:48:898 DataNode/(10464:10464): [DATABIN] El bloque N°32 fue leido
[INFO] 18:44:48:902 DataNode/(10464:10464): [DATABIN] El bloque N°34 fue leido
[INFO] 18:44:48:910 DataNode/(10464:10464): [DATABIN] El bloque N°37 fue leido
[INFO] 18:44:48:919 DataNode/(10464:10464): [DATABIN] El bloque N°38 fue leido
[INFO] 18:44:48:926 DataNode/(10464:10464): [DATABIN] El bloque N°40 fue leido
[INFO] 18:44:48:939 DataNode/(10464:10464): [DATABIN] El bloque N°43 fue leido
[INFO] 18:44:48:941 DataNode/(10464:10464): [DATABIN] El bloque N°44 fue leido
[INFO] 18:44:48:950 DataNode/(10464:10464): [DATABIN] El bloque N°46 fue leido
[INFO] 18:44:48:967 DataNode/(10464:10464): [DATABIN] El bloque N°49 fue leido
[INFO] 18:44:48:969 DataNode/(10464:10464): [DATABIN] El bloque N°50 fue leido
[INFO] 18:44:48:972 DataNode/(10464:10464): [DATABIN] El bloque N°52 fue leido
[INFO] 18:44:48:992 DataNode/(10464:10464): [DATABIN] El bloque N°55 fue leido
[INFO] 18:44:48:997 DataNode/(10464:10464): [DATABIN] El bloque N°56 fue leido
[INFO] 18:44:48:0 DataNode/(10464:10464): [DATABIN] El bloque N°58 fue leido
[INFO] 18:44:49:30 DataNode/(10464:10464): [DATABIN] El bloque N°61 fue leido
[INFO] 18:44:49:33 DataNode/(10464:10464): [DATABIN] El bloque N°62 fue leido
[INFO] 18:44:49:51 DataNode/(10464:10464): [DATABIN] El bloque N°64 fue leido
[INFO] 18:44:49:59 DataNode/(10464:10464): [DATABIN] El bloque N°67 fue leido
[INFO] 18:44:49:61 DataNode/(10464:10464): [DATABIN] El bloque N°68 fue leido
[INFO] 18:44:49:64 DataNode/(10464:10464): [DATABIN] El bloque N°70 fue leido
[INFO] 18:44:49:85 DataNode/(10464:10464): [DATABIN] El bloque N°73 fue leido
[INFO] 18:44:49:92 DataNode/(10464:10464): [DATABIN] El bloque N°74 fue leido
[INFO] 18:44:49:98 DataNode/(10464:10464): [DATABIN] El bloque N°76 fue leido
[INFO] 18:44:49:114 DataNode/(10464:10464): [DATABIN] El bloque N°79 fue leido
[INFO] 18:44:49:121 DataNode/(10464:10464): [DATABIN] El bloque N°80 fue leido
[INFO] 18:44:49:125 DataNode/(10464:10464): [DATABIN] El bloque N°82 fue leido
[INFO] 18:44:49:142 DataNode/(10464:10464): [DATABIN] El bloque N°85 fue leido
[INFO] 18:44:49:146 DataNode/(10464:10464): [DATABIN] El bloque N°86 fue leido
[INFO] 18:44:49:152 DataNode/(10464:10464): [DATABIN] El bloque N°88 fue leido
[INFO] 18:44:49:168 DataNode/(10464:10464): [DATABIN] El bloque N°91 fue leido
[INFO] 18:44:49:172 DataNode/(10464:10464): [DATABIN] El bloque N°92 fue leido
[INFO] 18:44:49:175 DataNode/(10464:10464): [DATABIN] El bloque N°94 fue leido
[INFO] 18:44:49:187 DataNode/(10464:10464): [DATABIN] El bloque N°97 fue leido
[INFO] 18:44:49:199 DataNode/(10464:10464): [DATABIN] El bloque N°98 fue leido
[INFO] 18:44:49:202 DataNode/(10464:10464): [DATABIN] El bloque N°100 fue leido
[INFO] 18:44:49:215 DataNode/(10464:10464): [DATABIN] El bloque N°103 fue leido
[INFO] 18:44:49:217 DataNode/(10464:10464): [DATABIN] El bloque N°104 fue leido
[INFO] 18:44:49:224 DataNode/(10464:10464): [DATABIN] El bloque N°106 fue leido
[INFO] 18:44:49:238 DataNode/(10464:10464): [DATABIN] El bloque N°109 fue leido
[INFO] 18:44:49:246 DataNode/(10464:10464): [DATABIN] El bloque N°110 fue leido
[INFO] 18:44:49:249 DataNode/(10464:10464): [DATABIN] El bloque N°112 fue leido
[INFO] 18:44:49:265 DataNode/(10464:10464): [DATABIN] El bloque N°115 fue leido
[INFO] 18:44:49:268 DataNode/(10464:10464): [DATABIN] El bloque N°116 fue leido
[INFO] 18:44:49:276 DataNode/(10464:10464): [DATABIN] El bloque N°118 fue leido
[INFO] 18:44:49:291 DataNode/(10464:10464): [DATABIN] El bloque N°121 fue leido
[INFO] 18:44:49:297 DataNode/(10464:10464): [DATABIN] El bloque N°122 fue leido
[INFO] 18:44:49:300 DataNode/(10464:10464): [DATABIN] El bloque N°124 fue leido
[INFO] 18:44:49:313 DataNode/(10464:10464): [DATABIN] El bloque N°127 fue leido
[INFO] 18:44:49:324 DataNode/(10464:10464): [DATABIN] El bloque N°128 fue leido
[INFO] 18:44:49:329 DataNode/(10464:10464): [DATABIN] El bloque N°130 fue leido
[INFO] 18:44:49:342 DataNode/(10464:10464): [DATABIN] El bloque N°133 fue leido
[INFO] 18:44:49:352 DataNode/(10464:10464): [DATABIN] El bloque N°134 fue leido
[INFO] 18:44:49:357 DataNode/(10464:10464): [DATABIN] El bloque N°136 fue leido
[INFO] 18:44:49:369 DataNode/(10464:10464): [DATABIN] El bloque N°139 fue leido
[INFO] 18:44:49:372 DataNode/(10464:10464): [DATABIN] El bloque N°140 fue leido
[INFO] 18:44:49:375 DataNode/(10464:10464): [DATABIN] El bloque N°142 fue leido
[INFO] 18:44:49:393 DataNode/(10464:10464): [DATABIN] El bloque N°145 fue leido
[INFO] 18:44:49:401 DataNode/(10464:10464): [DATABIN] El bloque N°146 fue leido
[INFO] 18:44:49:403 DataNode/(10464:10464): [DATABIN] El bloque N°148 fue leido
[INFO] 18:44:49:422 DataNode/(10464:10464): [DATABIN] El bloque N°151 fue leido
[INFO] 18:44:49:425 DataNode/(10464:10464): [DATABIN] El bloque N°152 fue leido
[INFO] 18:44:49:434 DataNode/(10464:10464): [DATABIN] El bloque N°154 fue leido
[INFO] 18:44:49:452 DataNode/(10464:10464): [DATABIN] El bloque N°157 fue leido
[INFO] 18:44:49:455 DataNode/(10464:10464): [DATABIN] El bloque N°158 fue leido
[INFO] 18:44:49:462 DataNode/(10464:10464): [DATABIN] El bloque N°160 fue leido
[INFO] 18:44:49:475 DataNode/(10464:10464): [DATABIN] El bloque N°163 fue leido
[INFO] 18:44:49:483 DataNode/(10464:10464): [DATABIN] El bloque N°164 fue leido
[INFO] 18:44:49:486 DataNode/(10464:10464): [DATABIN] El bloque N°166 fue leido
[INFO] 18:44:49:498 DataNode/(10464:10464): [DATABIN] El bloque N°169 fue leido
[INFO] 18:44:49:505 DataNode/(10464:10464): [DATABIN] El bloque N°170 fue leido
[INFO] 18:44:49:513 DataNode/(10464:10464): [DATABIN] El bloque N°172 fue leido
[INFO] 18:44:49:526 DataNode/(10464:10464): [DATABIN] El bloque N°175 fue leido
[INFO] 18:44:49:529 DataNode/(10464:10464): [DATABIN] El bloque N°176 fue leido
[INFO] 18:44:49:537 DataNode/(10464:10464): [DATABIN] El bloque N°178 fue leido
[INFO] 18:44:49:549 DataNode/(10464:10464): [DATABIN] El bloque N°181 fue leido
[INFO] 18:44:49:557 DataNode/(10464:10464): [DATABIN] El bloque N°182 fue leido
[INFO] 18:44:49:560 DataNode/(10464:10464): [DATABIN] El bloque N°184 fue leido
[INFO] 18:44:49:577 DataNode/(10464:10464): [DATABIN] El bloque N°187 fue leido
[INFO] 18:44:49:579 DataNode/(10464:10464): [DATABIN] El bloque N°188 fue leido
[INFO] 18:44:49:587 DataNode/(10464:10464): [DATABIN] El bloque N°190 fue leido
[INFO] 18:44:49:603 DataNode/(10464:10464): [DATABIN] El bloque N°193 fue leido
[INFO] 18:44:49:608 DataNode/(10464:10464): [DATABIN] El bloque N°194 fue leido
[INFO] 18:44:49:611 DataNode/(10464:10464): [DATABIN] El bloque N°196 fue leido
[INFO] 18:44:49:635 DataNode/(10464:10464): [DATABIN] El bloque N°199 fue leido
[INFO] 18:44:49:638 DataNode/(10464:10464): [DATABIN] El bloque N°200 fue leido
[INFO] 18:44:49:641 DataNode/(10464:10464): [DATABIN] El bloque N°202 fue leido
[INFO] 18:44:49:693 DataNode/(10464:10464): [DATABIN] El bloque N°205 fue leido
[INFO] 18:44:49:696 DataNode/(10464:10464): [DATABIN] El bloque N°206 fue leido
[INFO] 18:44:49:699 DataNode/(10464:10464): [DATABIN] El bloque N°208 fue leido
[INFO] 18:44:49:716 DataNode/(10464:10464): [DATABIN] El bloque N°211 fue leido
[INFO] 18:44:49:719 DataNode/(10464:10464): [DATABIN] El bloque N°212 fue leido
[INFO] 18:44:49:731 DataNode/(10464:10464): [DATABIN] El bloque N°214 fue leido
[INFO] 18:44:49:744 DataNode/(10464:10464): [DATABIN] El bloque N°217 fue leido
[INFO] 18:44:49:747 DataNode/(10464:10464): [DATABIN] El bloque N°218 fue leido
[INFO] 18:44:49:751 DataNode/(10464:10464): [DATABIN] El bloque N°220 fue leido
[INFO] 18:44:49:774 DataNode/(10464:10464): [DATABIN] El bloque N°223 fue leido
[INFO] 18:44:49:778 DataNode/(10464:10464): [DATABIN] El bloque N°224 fue leido
[INFO] 18:45:01:893 DataNode/(10464:10464): [DATABIN] El bloque N°226 fue escrito
[INFO] 18:45:01:930 DataNode/(10464:10464): [DATABIN] El bloque N°227 fue escrito
[INFO] 18:45:01:931 DataNode/(10464:10464): [DATABIN] El bloque N°228 fue escrito
[INFO] 18:45:01:941 DataNode/(10464:10464): [DATABIN] El bloque N°229 fue escrito
[INFO] 18:45:01:953 DataNode/(10464:10464): [DATABIN] El bloque N°230 fue escrito
[INFO] 18:45:01:964 DataNode/(10464:10464): [DATABIN] El bloque N°231 fue escrito
[INFO] 18:45:01:971 DataNode/(10464:10464): [DATABIN] El bloque N°232 fue escrito
[INFO] 18:45:01:984 DataNode/(10464:10464): [DATABIN] El bloque N°233 fue escrito
[INFO] 18:45:01:991 DataNode/(10464:10464): [DATABIN] El bloque N°234 fue escrito
[INFO] 18:45:01:999 DataNode/(10464:10464): [DATABIN] El bloque N°235 fue escrito
[INFO] 18:45:02:9 DataNode/(10464:10464): [DATABIN] El bloque N°236 fue escrito
[INFO] 18:45:02:19 DataNode/(10464:10464): [DATABIN] El bloque N°237 fue escrito
[INFO] 18:45:02:24 DataNode/(10464:10464): [DATABIN] El bloque N°238 fue escrito
[INFO] 18:45:02:27 DataNode/(10464:10464): [DATABIN] El bloque N°239 fue escrito
[INFO] 18:45:14:891 DataNode/(10464:10464): [DATABIN] El bloque N°226 fue leido
[INFO] 18:45:14:916 DataNode/(10464:10464): [DATABIN] El bloque N°229 fue leido
[INFO] 18:45:14:925 DataNode/(10464:10464): [DATABIN] El bloque N°230 fue leido
[INFO] 18:45:14:930 DataNode/(10464:10464): [DATABIN] El bloque N°232 fue leido
[INFO] 18:45:14:943 DataNode/(10464:10464): [DATABIN] El bloque N°235 fue leido
[INFO] 18:45:14:945 DataNode/(10464:10464): [DATABIN] El bloque N°236 fue leido
[INFO] 18:45:14:948 DataNode/(10464:10464): [DATABIN] El bloque N°238 fue leido
[INFO] 18:45:30:310 DataNode/(10464:10464): [DATABIN] El bloque N°240 fue escrito
[INFO] 18:45:30:349 DataNode/(10464:10464): [DATABIN] El bloque N°241 fue escrito
[INFO] 18:45:30:350 DataNode/(10464:10464): [DATABIN] El bloque N°242 fue escrito
[INFO] 18:45:30:350 DataNode/(10464:10464): [DATABIN] El bloque N°243 fue escrito
[INFO] 18:45:30:350 DataNode/(10464:10464): [DATABIN] El bloque N°244 fue escrito
[INFO] 18:45:30:352 DataNode/(10464:10464): [DATABIN] El bloque N°245 fue escrito
[INFO] 18:45:30:356 DataNode/(10464:10464): [DATABIN] El bloque N°246 fue escrito
[INFO] 18:45:30:358 DataNode/(10464:10464): [DATABIN] El bloque N°247 fue escrito
[INFO] 18:45:30:370 DataNode/(10464:10464): [DATABIN] El bloque N°248 fue escrito
[INFO] 18:45:30:384 DataNode/(10464:10464): [DATABIN] El bloque N°249 fue escrito
[INFO] 18:45:30:390 DataNode/(10464:10464): [DATABIN] El bloque N°250 fue escrito
[INFO] 18:45:30:400 DataNode/(10464:10464): [DATABIN] El bloque N°251 fue escrito
[INFO] 18:45:30:414 DataNode/(10464:10464): [DATABIN] El bloque N°252 fue escrito
[INFO] 18:45:30:416 DataNode/(10464:10464): [DATABIN] El bloque N°253 fue escrito
[INFO] 18:45:30:420 DataNode/(10464:10464): [DATABIN] El bloque N°254 fue escrito
[INFO] 18:45:30:430 DataNode/(10464:10464): [DATABIN] El bloque N°255 fue escrito
[INFO] 18:45:30:442 DataNode/(10464:10464): [DATABIN] El bloque N°256 fue escrito
[INFO] 18:45:30:447 DataNode/(10464:10464): [DATABIN] El bloque N°257 fue escrito
[INFO] 18:45:30:449 DataNode/(10464:10464): [DATABIN] El bloque N°258 fue escrito
[INFO] 18:45:30:452 DataNode/(10464:10464): [DATABIN] El bloque N°259 fue escrito
[INFO] 18:45:30:461 DataNode/(10464:10464): [DATABIN] El bloque N°260 fue escrito
[INFO] 18:45:30:475 DataNode/(10464:10464): [DATABIN] El bloque N°261 fue escrito
[INFO] 18:45:30:482 DataNode/(10464:10464): [DATABIN] El bloque N°262 fue escrito
[INFO] 18:45:30:491 DataNode/(10464:10464): [DATABIN] El bloque N°263 fue escrito
[INFO] 18:45:30:499 DataNode/(10464:10464): [DATABIN] El bloque N°264 fue escrito
[INFO] 18:45:30:508 DataNode/(10464:10464): [DATABIN] El bloque N°265 fue escrito
[INFO] 18:45:30:512 DataNode/(10464:10464): [DATABIN] El bloque N°266 fue escrito
[INFO] 18:45:30:523 DataNode/(10464:10464): [DATABIN] El bloque N°267 fue escrito
[INFO] 18:45:30:538 DataNode/(10464:10464): [DATABIN] El bloque N°268 fue escrito
[INFO] 18:45:30:542 DataNode/(10464:10464): [DATABIN] El bloque N°269 fue escrito
[INFO] 18:45:30:545 DataNode/(10464:10464): [DATABIN] El bloque N°270 fue escrito
[INFO] 18:45:30:552 DataNode/(10464:10464): [DATABIN] El bloque N°271 fue escrito
[INFO] 18:45:30:563 DataNode/(10464:10464): [DATABIN] El bloque N°272 fue escrito
[INFO] 18:45:30:570 DataNode/(10464:10464): [DATABIN] El bloque N°273 fue escrito
[INFO] 18:45:30:575 DataNode/(10464:10464): [DATABIN] El bloque N°274 fue escrito
[INFO] 18:45:30:583 DataNode/(10464:10464): [DATABIN] El bloque N°275 fue escrito
[INFO] 18:45:30:590 DataNode/(10464:10464): [DATABIN] El bloque N°276 fue escrito
[INFO] 18:45:30:598 DataNode/(10464:10464): [DATABIN] El bloque N°277 fue escrito
[INFO] 18:45:30:603 DataNode/(10464:10464): [DATABIN] El bloque N°278 fue escrito
[INFO] 18:45:30:613 DataNode/(10464:10464): [DATABIN] El bloque N°279 fue escrito
[INFO] 18:45:30:626 DataNode/(10464:10464): [DATABIN] El bloque N°280 fue escrito
[INFO] 18:45:30:631 DataNode/(10464:10464): [DATABIN] El bloque N°281 fue escrito
[INFO] 18:45:30:633 DataNode/(10464:10464): [DATABIN] El bloque N°282 fue escrito
[INFO] 18:45:30:636 DataNode/(10464:10464): [DATABIN] El bloque N°283 fue escrito
[INFO] 18:45:30:645 DataNode/(10464:10464): [DATABIN] El bloque N°284 fue escrito
[INFO] 18:45:30:660 DataNode/(10464:10464): [DATABIN] El bloque N°285 fue escrito
[INFO] 18:45:30:666 DataNode/(10464:10464): [DATABIN] El bloque N°286 fue escrito
[INFO] 18:45:30:675 DataNode/(10464:10464): [DATABIN] El bloque N°287 fue escrito
[INFO] 18:45:30:678 DataNode/(10464:10464): [DATABIN] El bloque N°288 fue escrito
[INFO] 18:45:30:693 DataNode/(10464:10464): [DATABIN] El bloque N°289 fue escrito
[INFO] 18:45:30:697 DataNode/(10464:10464): [DATABIN] El bloque N°290 fue escrito
[INFO] 18:45:30:709 DataNode/(10464:10464): [DATABIN] El bloque N°291 fue escrito
[INFO] 18:45:30:729 DataNode/(10464:10464): [DATABIN] El bloque N°292 fue escrito
[INFO] 18:45:30:738 DataNode/(10464:10464): [DATABIN] El bloque N°293 fue escrito
[INFO] 18:45:30:747 DataNode/(10464:10464): [DATABIN] El bloque N°294 fue escrito
[INFO] 18:45:30:755 DataNode/(10464:10464): [DATABIN] El bloque N°295 fue escrito
[INFO] 18:45:30:764 DataNode/(10464:10464): [DATABIN] El bloque N°296 fue escrito
[INFO] 18:45:30:776 DataNode/(10464:10464): [DATABIN] El bloque N°297 fue escrito
[INFO] 18:45:30:786 DataNode/(10464:10464): [DATABIN] El bloque N°298 fue escrito
[INFO] 18:45:30:792 DataNode/(10464:10464): [DATABIN] El bloque N°299 fue escrito
[INFO] 18:45:30:801 DataNode/(10464:10464): [DATABIN] El bloque N°300 fue escrito
[INFO] 18:45:30:813 DataNode/(10464:10464): [DATABIN] El bloque N°301 fue escrito
[INFO] 18:45:37:980 DataNode/(10464:10464): [DATABIN] El bloque N°240 fue leido
[INFO] 18:45:37:999 DataNode/(10464:10464): [DATABIN] El bloque N°243 fue leido
[INFO] 18:45:37:2 DataNode/(10464:10464): [DATABIN] El bloque N°244 fue leido
[INFO] 18:45:38:7 DataNode/(10464:10464): [DATABIN] El bloque N°246 fue leido
[INFO] 18:45:38:26 DataNode/(10464:10464): [DATABIN] El bloque N°249 fue leido
[INFO] 18:45:38:31 DataNode/(10464:10464): [DATABIN] El bloque N°250 fue leido
[INFO] 18:45:38:34 DataNode/(10464:10464): [DATABIN] El bloque N°252 fue leido
[INFO] 18:45:38:47 DataNode/(10464:10464): [DATABIN] El bloque N°255 fue leido
[INFO] 18:45:38:49 DataNode/(10464:10464): [DATABIN] El bloque N°256 fue leido
[INFO] 18:45:38:56 DataNode/(10464:10464): [DATABIN] El bloque N°258 fue leido
[INFO] 18:45:38:64 DataNode/(10464:10464): [DATABIN] El bloque N°261 fue leido
[INFO] 18:45:38:71 DataNode/(10464:10464): [DATABIN] El bloque N°262 fue leido
[INFO] 18:45:38:73 DataNode/(10464:10464): [DATABIN] El bloque N°264 fue leido
[INFO] 18:45:38:95 DataNode/(10464:10464): [DATABIN] El bloque N°267 fue leido
[INFO] 18:45:38:98 DataNode/(10464:10464): [DATABIN] El bloque N°268 fue leido
[INFO] 18:45:38:103 DataNode/(10464:10464): [DATABIN] El bloque N°270 fue leido
[INFO] 18:45:38:115 DataNode/(10464:10464): [DATABIN] El bloque N°273 fue leido
[INFO] 18:45:38:118 DataNode/(10464:10464): [DATABIN] El bloque N°274 fue leido
[INFO] 18:45:38:123 DataNode/(10464:10464): [DATABIN] El bloque N°276 fue leido
[INFO] 18:45:38:133 DataNode/(10464:10464): [DATABIN] El bloque N°279 fue leido
[INFO] 18:45:38:136 DataNode/(10464:10464): [DATABIN] El bloque N°280 fue leido
[INFO] 18:45:38:141 DataNode/(10464:10464): [DATABIN] El bloque N°282 fue leido
[INFO] 18:45:38:155 DataNode/(10464:10464): [DATABIN] El bloque N°285 fue leido
[INFO] 18:45:38:159 DataNode/(10464:10464): [DATABIN] El bloque N°286 fue leido
[INFO] 18:45:38:163 DataNode/(10464:10464): [DATABIN] El bloque N°288 fue leido
[INFO] 18:45:38:177 DataNode/(10464:10464): [DATABIN] El bloque N°291 fue leido
[INFO] 18:45:38:179 DataNode/(10464:10464): [DATABIN] El bloque N°292 fue leido
[INFO] 18:45:38:183 DataNode/(10464:10464): [DATABIN] El bloque N°294 fue leido
[INFO] 18:45:38:196 DataNode/(10464:10464): [DATABIN] El bloque N°297 fue leido
[INFO] 18:45:38:199 DataNode/(10464:10464): [DATABIN] El bloque N°298 fue leido
[INFO] 18:45:38:207 DataNode/(10464:10464): [DATABIN] El bloque N°300 fue leido
[INFO] 18:45:44:533 DataNode/(10464:10464): [DATABIN] El bloque N°241 fue leido
[INFO] 18:45:44:535 DataNode/(10464:10464): [DATABIN] El bloque N°242 fue leido
[INFO] 18:45:44:541 DataNode/(10464:10464): [DATABIN] El bloque N°245 fue leido
[INFO] 18:45:44:551 DataNode/(10464:10464): [DATABIN] El bloque N°247 fue leido
[INFO] 18:45:44:554 DataNode/(10464:10464): [DATABIN] El bloque N°248 fue leido
[INFO] 18:45:44:570 DataNode/(10464:10464): [DATABIN] El bloque N°251 fue leido
[INFO] 18:45:44:578 DataNode/(10464:10464): [DATABIN] El bloque N°253 fue leido
[INFO] 18:45:44:581 DataNode/(10464:10464): [DATABIN] El bloque N°254 fue leido
[INFO] 18:45:44:590 DataNode/(10464:10464): [DATABIN] El bloque N°257 fue leido
[INFO] 18:45:44:592 DataNode/(10464:10464): [DATABIN] El bloque N°259 fue leido
[INFO] 18:45:44:605 DataNode/(10464:10464): [DATABIN] El bloque N°260 fue leido
[INFO] 18:45:44:617 DataNode/(10464:10464): [DATABIN] El bloque N°263 fue leido
[INFO] 18:45:44:620 DataNode/(10464:10464): [DATABIN] El bloque N°265 fue leido
[INFO] 18:45:44:622 DataNode/(10464:10464): [DATABIN] El bloque N°266 fue leido
[INFO] 18:45:44:644 DataNode/(10464:10464): [DATABIN] El bloque N°269 fue leido
[INFO] 18:45:44:648 DataNode/(10464:10464): [DATABIN] El bloque N°271 fue leido
[INFO] 18:45:44:650 DataNode/(10464:10464): [DATABIN] El bloque N°272 fue leido
[INFO] 18:45:44:667 DataNode/(10464:10464): [DATABIN] El bloque N°275 fue leido
[INFO] 18:45:44:672 DataNode/(10464:10464): [DATABIN] El bloque N°277 fue leido
[INFO] 18:45:44:676 DataNode/(10464:10464): [DATABIN] El bloque N°278 fue leido
[INFO] 18:45:44:683 DataNode/(10464:10464): [DATABIN] El bloque N°281 fue leido
[INFO] 18:45:44:686 DataNode/(10464:10464): [DATABIN] El bloque N°283 fue leido
[INFO] 18:45:44:700 DataNode/(10464:10464): [DATABIN] El bloque N°284 fue leido
[INFO] 18:45:44:710 DataNode/(10464:10464): [DATABIN] El bloque N°287 fue leido
[INFO] 18:45:44:713 DataNode/(10464:10464): [DATABIN] El bloque N°289 fue leido
[INFO] 18:45:44:716 DataNode/(10464:10464): [DATABIN] El bloque N°290 fue leido
[INFO] 18:45:44:745 DataNode/(10464:10464): [DATABIN] El bloque N°293 fue leido
[INFO] 18:45:44:752 DataNode/(10464:10464): [DATABIN] El bloque N°295 fue leido
[INFO] 18:45:44:770 DataNode/(10464:10464): [DATABIN] El bloque N°296 fue leido
[INFO] 18:45:44:786 DataNode/(10464:10464): [DATABIN] El bloque N°299 fue leido
[INFO] 18:45:44:794 DataNode/(10464:10464): [DATABIN] El bloque N°301 fue leido
[INFO] 18:46:07:764 DataNode/(10464:10464): [DATABIN] El bloque N°240 fue leido
[INFO] 18:46:07:771 DataNode/(10464:10464): [DATABIN] El bloque N°243 fue leido
[INFO] 18:46:07:773 DataNode/(10464:10464): [DATABIN] El bloque N°244 fue leido
[INFO] 18:46:07:782 DataNode/(10464:10464): [DATABIN] El bloque N°246 fue leido
[INFO] 18:46:07:788 DataNode/(10464:10464): [DATABIN] El bloque N°249 fue leido
[INFO] 18:46:07:791 DataNode/(10464:10464): [DATABIN] El bloque N°250 fue leido
[INFO] 18:46:07:803 DataNode/(10464:10464): [DATABIN] El bloque N°252 fue leido
[INFO] 18:46:07:815 DataNode/(10464:10464): [DATABIN] El bloque N°255 fue leido
[INFO] 18:46:07:818 DataNode/(10464:10464): [DATABIN] El bloque N°256 fue leido
[INFO] 18:46:07:821 DataNode/(10464:10464): [DATABIN] El bloque N°258 fue leido
[INFO] 18:46:07:841 DataNode/(10464:10464): [DATABIN] El bloque N°261 fue leido
[INFO] 18:46:07:845 DataNode/(10464:10464): [DATABIN] El bloque N°262 fue leido
[INFO] 18:46:07:848 DataNode/(10464:10464): [DATABIN] El bloque N°264 fue leido
[INFO] 18:46:07:862 DataNode/(10464:10464): [DATABIN] El bloque N°267 fue leido
[INFO] 18:46:07:866 DataNode/(10464:10464): [DATABIN] El bloque N°268 fue leido
[INFO] 18:46:07:874 DataNode/(10464:10464): [DATABIN] El bloque N°270 fue leido
[INFO] 18:46:07:882 DataNode/(10464:10464): [DATABIN] El bloque N°273 fue leido
[INFO] 18:46:07:885 DataNode/(10464:10464): [DATABIN] El bloque N°274 fue leido
[INFO] 18:46:07:896 DataNode/(10464:10464): [DATABIN] El bloque N°276 fue leido
[INFO] 18:46:07:910 DataNode/(10464:10464): [DATABIN] El bloque N°279 fue leido
[INFO] 18:46:07:913 DataNode/(10464:10464): [DATABIN] El bloque N°280 fue leido
[INFO] 18:46:07:924 DataNode/(10464:10464): [DATABIN] El bloque N°282 fue leido
[INFO] 18:46:07:938 DataNode/(10464:10464): [DATABIN] El bloque N°285 fue leido
[INFO] 18:46:07:942 DataNode/(10464:10464): [DATABIN] El bloque N°286 fue leido
[INFO] 18:46:07:945 DataNode/(10464:10464): [DATABIN] El bloque N°288 fue leido
[INFO] 18:46:07:963 DataNode/(10464:10464): [DATABIN] El bloque N°291 fue leido
[INFO] 18:46:07:969 DataNode/(10464:10464): [DATABIN] El bloque N°292 fue leido
[INFO] 18:46:07:973 DataNode/(10464:10464): [DATABIN] El bloque N°294 fue leido
[INFO] 18:46:07:994 DataNode/(10464:10464): [DATABIN] El bloque N°297 fue leido
[INFO] 18:46:07:997 DataNode/(10464:10464): [DATABIN] El bloque N°298 fue leido
[INFO] 18:46:07:2 DataNode/(10464:10464): [DATABIN] El bloque N°300 fue leido
[INFO] 18:46:14:446 DataNode/(10464:10464): [DATABIN] El bloque N°241 fue leido
[INFO] 18:46:14:450 DataNode/(10464:10464): [DATABIN] El bloque N°242 fue leido
[INFO] 18:46:14:464 DataNode/(10464:10464): [DATABIN] El bloque N°245 fue leido
[INFO] 18:46:14:466 DataNode/(10464:10464): [DATABIN] El bloque N°247 fue leido
[INFO] 18:46:14:469 DataNode/(10464:10464): [DATABIN] El bloque N°248 fue leido
[INFO] 18:46:14:493 DataNode/(10464:10464): [DATABIN] El bloque N°251 fue leido
[INFO] 18:46:14:497 DataNode/(10464:10464): [DATABIN] El bloque N°253 fue leido
[INFO] 18:46:14:499 DataNode/(10464:10464): [DATABIN] El bloque N°254 fue leido
[INFO] 18:46:14:514 DataNode/(10464:10464): [DATABIN] El bloque N°257 fue leido
[INFO] 18:46:14:518 DataNode/(10464:10464): [DATABIN] El bloque N°259 fue leido
[INFO] 18:46:14:525 DataNode/(10464:10464): [DATABIN] El bloque N°260 fue leido
[INFO] 18:46:14:533 DataNode/(10464:10464): [DATABIN] El bloque N°263 fue leido
[INFO] 18:46:14:536 DataNode/(10464:10464): [DATABIN] El bloque N°265 fue leido
[INFO] 18:46:14:548 DataNode/(10464:10464): [DATABIN] El bloque N°266 fue leido
[INFO] 18:46:14:559 DataNode/(10464:10464): [DATABIN] El bloque N°269 fue leido
[INFO] 18:46:14:563 DataNode/(10464:10464): [DATABIN] El bloque N°271 fue leido
[INFO] 18:46:14:567 DataNode/(10464:10464): [DATABIN] El bloque N°272 fue leido
[INFO] 18:46:14:587 DataNode/(10464:10464): [DATABIN] El bloque N°275 fue leido
[INFO] 18:46:14:591 DataNode/(10464:10464): [DATABIN] El bloque N°277 fue leido
[INFO] 18:46:14:594 DataNode/(10464:10464): [DATABIN] El bloque N°278 fue leido
[INFO] 18:46:14:609 DataNode/(10464:10464): [DATABIN] El bloque N°281 fue leido
[INFO] 18:46:14:617 DataNode/(10464:10464): [DATABIN] El bloque N°283 fue leido
[INFO] 18:46:14:621 DataNode/(10464:10464): [DATABIN] El bloque N°284 fue leido
[INFO] 18:46:14:647 DataNode/(10464:10464): [DATABIN] El bloque N°287 fue leido
[INFO] 18:46:14:652 DataNode/(10464:10464): [DATABIN] El bloque N°289 fue leido
[INFO] 18:46:14:654 DataNode/(10464:10464): [DATABIN] El bloque N°290 fue leido
[INFO] 18:46:14:661 DataNode/(10464:10464): [DATABIN] El bloque N°293 fue leido
[INFO] 18:46:14:676 DataNode/(10464:10464): [DATABIN] El bloque N°295 fue leido
[INFO] 18:46:14:679 DataNode/(10464:10464): [DATABIN] El bloque N°296 fue leido
[INFO] 18:46:14:689 DataNode/(10464:10464): [DATABIN] El bloque N°299 fue leido
[INFO] 18:46:14:692 DataNode/(10464:10464): [DATABIN] El bloque N°301 fue leido
[INFO] 18:46:55:499 DataNode/(10464:10464): [DATABIN] El bloque N°0 fue leido
[INFO] 18:46:55:519 DataNode/(10464:10464): [DATABIN] El bloque N°3 fue leido
[INFO] 18:47:27:681 DataNode/(10464:10464): [DATABIN] El bloque N°227 fue leido
[INFO] 18:47:27:685 DataNode/(10464:10464): [DATABIN] El bloque N°228 fue leido
[INFO] 18:47:27:708 DataNode/(10464:10464): [DATABIN] El bloque N°231 fue leido
[INFO] 18:47:27:713 DataNode/(10464:10464): [DATABIN] El bloque N°233 fue leido
[INFO] 18:47:27:720 DataNode/(10464:10464): [DATABIN] El bloque N°234 fue leido
[INFO] 18:47:27:728 DataNode/(10464:10464): [DATABIN] El bloque N°237 fue leido
[INFO] 18:47:27:731 DataNode/(10464:10464): [DATABIN] El bloque N°239 fue leido
[INFO] 18:47:56:801 DataNode/(10464:10464): [DATABIN] El bloque N°5 fue leido
[INFO] 18:47:56:804 DataNode/(10464:10464): [DATABIN] El bloque N°6 fue leido
[INFO] 18:47:56:819 DataNode/(10464:10464): [DATABIN] El bloque N°9 fue leido
[INFO] 18:47:56:823 DataNode/(10464:10464): [DATABIN] El bloque N°11 fue leido
[INFO] 18:47:56:825 DataNode/(10464:10464): [DATABIN] El bloque N°12 fue leido
[INFO] 18:47:56:839 DataNode/(10464:10464): [DATABIN] El bloque N°15 fue leido
[INFO] 18:47:56:842 DataNode/(10464:10464): [DATABIN] El bloque N°17 fue leido
[INFO] 18:47:56:847 DataNode/(10464:10464): [DATABIN] El bloque N°18 fue leido
[INFO] 18:47:56:857 DataNode/(10464:10464): [DATABIN] El bloque N°21 fue leido
[INFO] 18:47:56:861 DataNode/(10464:10464): [DATABIN] El bloque N°23 fue leido
[INFO] 18:47:56:864 DataNode/(10464:10464): [DATABIN] El bloque N°24 fue leido
[INFO] 18:47:56:875 DataNode/(10464:10464): [DATABIN] El bloque N°27 fue leido
[INFO] 18:47:56:877 DataNode/(10464:10464): [DATABIN] El bloque N°29 fue leido
[INFO] 18:47:56:879 DataNode/(10464:10464): [DATABIN] El bloque N°30 fue leido
[INFO] 18:47:56:893 DataNode/(10464:10464): [DATABIN] El bloque N°33 fue leido
[INFO] 18:47:56:896 DataNode/(10464:10464): [DATABIN] El bloque N°35 fue leido
[INFO] 18:47:56:901 DataNode/(10464:10464): [DATABIN] El bloque N°36 fue leido
[INFO] 18:47:56:913 DataNode/(10464:10464): [DATABIN] El bloque N°39 fue leido
[INFO] 18:47:56:918 DataNode/(10464:10464): [DATABIN] El bloque N°41 fue leido
[INFO] 18:47:56:925 DataNode/(10464:10464): [DATABIN] El bloque N°42 fue leido
[INFO] 18:47:56:934 DataNode/(10464:10464): [DATABIN] El bloque N°45 fue leido
[INFO] 18:47:56:936 DataNode/(10464:10464): [DATABIN] El bloque N°47 fue leido
[INFO] 18:47:56:942 DataNode/(10464:10464): [DATABIN] El bloque N°48 fue leido
[INFO] 18:47:56:951 DataNode/(10464:10464): [DATABIN] El bloque N°51 fue leido
[INFO] 18:47:56:980 DataNode/(10464:10464): [DATABIN] El bloque N°53 fue leido
[INFO] 18:47:56:987 DataNode/(10464:10464): [DATABIN] El bloque N°54 fue leido
[INFO] 18:47:56:998 DataNode/(10464:10464): [DATABIN] El bloque N°57 fue leido
[INFO] 18:47:56:2 DataNode/(10464:10464): [DATABIN] El bloque N°59 fue leido
[INFO] 18:47:57:9 DataNode/(10464:10464): [DATABIN] El bloque N°60 fue leido
[INFO] 18:47:57:21 DataNode/(10464:10464): [DATABIN] El bloque N°63 fue leido
[INFO] 18:47:57:24 DataNode/(10464:10464): [DATABIN] El bloque N°65 fue leido
[INFO] 18:47:57:30 DataNode/(10464:10464): [DATABIN] El bloque N°66 fue leido
[INFO] 18:47:57:42 DataNode/(10464:10464): [DATABIN] El bloque N°69 fue leido
[INFO] 18:47:57:47 DataNode/(10464:10464): [DATABIN] El bloque N°71 fue leido
[INFO] 18:47:57:50 DataNode/(10464:10464): [DATABIN] El bloque N°72 fue leido
[INFO] 18:47:57:62 DataNode/(10464:10464): [DATABIN] El bloque N°75 fue leido
[INFO] 18:47:57:69 DataNode/(10464:10464): [DATABIN] El bloque N°77 fue leido
[INFO] 18:47:57:71 DataNode/(10464:10464): [DATABIN] El bloque N°78 fue leido
[INFO] 18:47:57:83 DataNode/(10464:10464): [DATABIN] El bloque N°81 fue leido
[INFO] 18:47:57:86 DataNode/(10464:10464): [DATABIN] El bloque N°83 fue leido
[INFO] 18:47:57:89 DataNode/(10464:10464): [DATABIN] El bloque N°84 fue leido
[INFO] 18:47:57:104 DataNode/(10464:10464): [DATABIN] El bloque N°87 fue leido
[INFO] 18:47:57:109 DataNode/(10464:10464): [DATABIN] El bloque N°89 fue leido
[INFO] 18:47:57:112 DataNode/(10464:10464): [DATABIN] El bloque N°90 fue leido
[INFO] 18:47:57:126 DataNode/(10464:10464): [DATABIN] El bloque N°93 fue leido
[INFO] 18:47:57:131 DataNode/(10464:10464): [DATABIN] El bloque N°95 fue leido
[INFO] 18:47:57:137 DataNode/(10464:10464): [DATABIN] El bloque N°96 fue leido
[INFO] 18:47:57:145 DataNode/(10464:10464): [DATABIN] El bloque N°99 fue leido
[INFO] 18:47:57:153 DataNode/(10464:10464): [DATABIN] El bloque N°101 fue leido
[INFO] 18:47:57:155 DataNode/(10464:10464): [DATABIN] El bloque N°102 fue leido
[INFO] 18:47:57:169 DataNode/(10464:10464): [DATABIN] El bloque N°105 fue leido
[INFO] 18:47:57:174 DataNode/(10464:10464): [DATABIN] El bloque N°107 fue leido
[INFO] 18:47:57:176 DataNode/(10464:10464): [DATABIN] El bloque N°108 fue leido
[INFO] 18:47:57:185 DataNode/(10464:10464): [DATABIN] El bloque N°111 fue leido
[INFO] 18:47:57:192 DataNode/(10464:10464): [DATABIN] El bloque N°113 fue leido
[INFO] 18:47:57:195 DataNode/(10464:10464): [DATABIN] El bloque N°114 fue leido
[INFO] 18:47:57:209 DataNode/(10464:10464): [DATABIN] El bloque N°117 fue leido
[INFO] 18:47:57:212 DataNode/(10464:10464): [DATABIN] El bloque N°119 fue leido
[INFO] 18:47:57:223 DataNode/(10464:10464): [DATABIN] El bloque N°120 fue leido
[INFO] 18:47:57:230 DataNode/(10464:10464): [DATABIN] El bloque N°123 fue leido
[INFO] 18:47:57:235 DataNode/(10464:10464): [DATABIN] El bloque N°125 fue leido
[INFO] 18:47:57:241 DataNode/(10464:10464): [DATABIN] El bloque N°126 fue leido
[INFO] 18:47:57:255 DataNode/(10464:10464): [DATABIN] El bloque N°129 fue leido
[INFO] 18:47:57:257 DataNode/(10464:10464): [DATABIN] El bloque N°131 fue leido
[INFO] 18:47:57:261 DataNode/(10464:10464): [DATABIN] El bloque N°132 fue leido
[INFO] 18:47:57:271 DataNode/(10464:10464): [DATABIN] El bloque N°135 fue leido
[INFO] 18:47:57:275 DataNode/(10464:10464): [DATABIN] El bloque N°137 fue leido
[INFO] 18:47:57:283 DataNode/(10464:10464): [DATABIN] El bloque N°138 fue leido
[INFO] 18:47:57:295 DataNode/(10464:10464): [DATABIN] El bloque N°141 fue leido
[INFO] 18:47:57:301 DataNode/(10464:10464): [DATABIN] El bloque N°143 fue leido
[INFO] 18:47:57:308 DataNode/(10464:10464): [DATABIN] El bloque N°144 fue leido
[INFO] 18:47:57:321 DataNode/(10464:10464): [DATABIN] El bloque N°147 fue leido
[INFO] 18:47:57:324 DataNode/(10464:10464): [DATABIN] El bloque N°149 fue leido
[INFO] 18:47:57:328 DataNode/(10464:10464): [DATABIN] El bloque N°150 fue leido
[INFO] 18:47:57:347 DataNode/(10464:10464): [DATABIN] El bloque N°153 fue leido
[INFO] 18:47:57:349 DataNode/(10464:10464): [DATABIN] El bloque N°155 fue leido
[INFO] 18:47:57:354 DataNode/(10464:10464): [DATABIN] El bloque N°156 fue leido
[INFO] 18:47:57:366 DataNode/(10464:10464): [DATABIN] El bloque N°159 fue leido
[INFO] 18:47:57:368 DataNode/(10464:10464): [DATABIN] El bloque N°161 fue leido
[INFO] 18:47:57:376 DataNode/(10464:10464): [DATABIN] El bloque N°162 fue leido
[INFO] 18:47:57:391 DataNode/(10464:10464): [DATABIN] El bloque N°165 fue leido
[INFO] 18:47:57:393 DataNode/(10464:10464): [DATABIN] El bloque N°167 fue leido
[INFO] 18:47:57:405 DataNode/(10464:10464): [DATABIN] El bloque N°168 fue leido
[INFO] 18:47:57:421 DataNode/(10464:10464): [DATABIN] El bloque N°171 fue leido
[INFO] 18:47:57:424 DataNode/(10464:10464): [DATABIN] El bloque N°173 fue leido
[INFO] 18:47:57:429 DataNode/(10464:10464): [DATABIN] El bloque N°174 fue leido
[INFO] 18:47:57:442 DataNode/(10464:10464): [DATABIN] El bloque N°177 fue leido
[INFO] 18:47:57:452 DataNode/(10464:10464): [DATABIN] El bloque N°179 fue leido
[INFO] 18:47:57:455 DataNode/(10464:10464): [DATABIN] El bloque N°180 fue leido
[INFO] 18:47:57:469 DataNode/(10464:10464): [DATABIN] El bloque N°183 fue leido
[INFO] 18:47:57:472 DataNode/(10464:10464): [DATABIN] El bloque N°185 fue leido
[INFO] 18:47:57:476 DataNode/(10464:10464): [DATABIN] El bloque N°186 fue leido
[INFO] 18:47:57:492 DataNode/(10464:10464): [DATABIN] El bloque N°189 fue leido
[INFO] 18:47:57:500 DataNode/(10464:10464): [DATABIN] El bloque N°191 fue leido
[INFO] 18:47:57:506 DataNode/(10464:10464): [DATABIN] El bloque N°192 fue leido
[INFO] 18:47:57:515 DataNode/(10464:10464): [DATABIN] El bloque N°195 fue leido
[INFO] 18:47:57:519 DataNode/(10464:10464): [DATABIN] El bloque N°197 fue leido
[INFO] 18:47:57:524 DataNode/(10464:10464): [DATABIN] El bloque N°198 fue leido
[INFO] 18:47:57:538 DataNode/(10464:10464): [DATABIN] El bloque N°201 fue leido
[INFO] 18:47:57:542 DataNode/(10464:10464): [DATABIN] El bloque N°203 fue leido
[INFO] 18:47:57:546 DataNode/(10464:10464): [DATABIN] El bloque N°204 fue leido
[INFO] 18:47:57:556 DataNode/(10464:10464): [DATABIN] El bloque N°207 fue leido
[INFO] 18:47:57:564 DataNode/(10464:10464): [DATABIN] El bloque N°209 fue leido
[INFO] 18:47:57:572 DataNode/(10464:10464): [DATABIN] El bloque N°210 fue leido
[INFO] 18:47:57:587 DataNode/(10464:10464): [DATABIN] El bloque N°213 fue leido
[INFO] 18:47:57:595 DataNode/(10464:10464): [DATABIN] El bloque N°215 fue leido
[INFO] 18:47:57:598 DataNode/(10464:10464): [DATABIN] El bloque N°216 fue leido
[INFO] 18:47:57:610 DataNode/(10464:10464): [DATABIN] El bloque N°219 fue leido
[INFO] 18:47:57:615 DataNode/(10464:10464): [DATABIN] El bloque N°221 fue leido
[INFO] 18:47:57:623 DataNode/(10464:10464): [DATABIN] El bloque N°222 fue leido
[INFO] 18:47:57:634 DataNode/(10464:10464): [DATABIN] El bloque N°225 fue leido
[INFO] 18:48:00:981 DataNode/(10464:10464): [DATABIN] El bloque N°240 fue leido
[INFO] 18:48:00:987 DataNode/(10464:10464): [DATABIN] El bloque N°243 fue leido
[INFO] 18:48:00:989 DataNode/(10464:10464): [DATABIN] El bloque N°244 fue leido
[INFO] 18:48:00:991 DataNode/(10464:10464): [DATABIN] El bloque N°246 fue leido
[INFO] 18:48:00:4 DataNode/(10464:10464): [DATABIN] El bloque N°249 fue leido
[INFO] 18:48:01:12 DataNode/(10464:10464): [DATABIN] El bloque N°250 fue leido
[INFO] 18:48:01:19 DataNode/(10464:10464): [DATABIN] El bloque N°252 fue leido
[INFO] 18:48:01:28 DataNode/(10464:10464): [DATABIN] El bloque N°255 fue leido
[INFO] 18:48:01:31 DataNode/(10464:10464): [DATABIN] El bloque N°256 fue leido
[INFO] 18:48:01:38 DataNode/(10464:10464): [DATABIN] El bloque N°258 fue leido
[INFO] 18:48:01:52 DataNode/(10464:10464): [DATABIN] El bloque N°261 fue leido
[INFO] 18:48:01:54 DataNode/(10464:10464): [DATABIN] El bloque N°262 fue leido
[INFO] 18:48:01:56 DataNode/(10464:10464): [DATABIN] El bloque N°264 fue leido
[INFO] 18:48:01:70 DataNode/(10464:10464): [DATABIN] El bloque N°267 fue leido
[INFO] 18:48:01:72 DataNode/(10464:10464): [DATABIN] El bloque N°268 fue leido
[INFO] 18:48:01:74 DataNode/(10464:10464): [DATABIN] El bloque N°270 fue leido
[INFO] 18:48:01:86 DataNode/(10464:10464): [DATABIN] El bloque N°273 fue leido
[INFO] 18:48:01:88 DataNode/(10464:10464): [DATABIN] El bloque N°274 fue leido
[INFO] 18:48:01:94 DataNode/(10464:10464): [DATABIN] El bloque N°276 fue leido
[INFO] 18:48:01:104 DataNode/(10464:10464): [DATABIN] El bloque N°279 fue leido
[INFO] 18:48:01:106 DataNode/(10464:10464): [DATABIN] El bloque N°280 fue leido
[INFO] 18:48:01:111 DataNode/(10464:10464): [DATABIN] El bloque N°282 fue leido
[INFO] 18:48:01:120 DataNode/(10464:10464): [DATABIN] El bloque N°285 fue leido
[INFO] 18:48:01:126 DataNode/(10464:10464): [DATABIN] El bloque N°286 fue leido
[INFO] 18:48:01:130 DataNode/(10464:10464): [DATABIN] El bloque N°288 fue leido
[INFO] 18:48:01:140 DataNode/(10464:10464): [DATABIN] El bloque N°291 fue leido
[INFO] 18:48:01:142 DataNode/(10464:10464): [DATABIN] El bloque N°292 fue leido
[INFO] 18:48:01:149 DataNode/(10464:10464): [DATABIN] El bloque N°294 fue leido
[INFO] 18:48:01:166 DataNode/(10464:10464): [DATABIN] El bloque N°297 fue leido
[INFO] 18:48:01:168 DataNode/(10464:10464): [DATABIN] El bloque N°298 fue leido
[INFO] 18:48:01:170 DataNode/(10464:10464): [DATABIN] El bloque N°300 fue leido
[INFO] 18:48:05:424 DataNode/(10464:10464): [DATABIN] El bloque N°1 fue leido
[INFO] 18:48:05:430 DataNode/(10464:10464): [DATABIN] El bloque N°2 fue leido
[INFO] 18:48:12:231 DataNode/(10464:10464): [DATABIN] El bloque N°241 fue leido
[INFO] 18:48:12:233 DataNode/(10464:10464): [DATABIN] El bloque N°242 fue leido
[INFO] 18:48:12:239 DataNode/(10464:10464): [DATABIN] El bloque N°245 fue leido
[INFO] 18:48:12:249 DataNode/(10464:10464): [DATABIN] El bloque N°247 fue leido
[INFO] 18:48:12:252 DataNode/(10464:10464): [DATABIN] El bloque N°248 fue leido
[INFO] 18:48:12:269 DataNode/(10464:10464): [DATABIN] El bloque N°251 fue leido
[INFO] 18:48:12:274 DataNode/(10464:10464): [DATABIN] El bloque N°253 fue leido
[INFO] 18:48:12:280 DataNode/(10464:10464): [DATABIN] El bloque N°254 fue leido
[INFO] 18:48:12:287 DataNode/(10464:10464): [DATABIN] El bloque N°257 fue leido
[INFO] 18:48:12:289 DataNode/(10464:10464): [DATABIN] El bloque N°259 fue leido
[INFO] 18:48:12:299 DataNode/(10464:10464): [DATABIN] El bloque N°260 fue leido
[INFO] 18:48:12:314 DataNode/(10464:10464): [DATABIN] El bloque N°263 fue leido
[INFO] 18:48:12:317 DataNode/(10464:10464): [DATABIN] El bloque N°265 fue leido
[INFO] 18:48:12:320 DataNode/(10464:10464): [DATABIN] El bloque N°266 fue leido
[INFO] 18:48:12:335 DataNode/(10464:10464): [DATABIN] El bloque N°269 fue leido
[INFO] 18:48:12:343 DataNode/(10464:10464): [DATABIN] El bloque N°271 fue leido
[INFO] 18:48:12:346 DataNode/(10464:10464): [DATABIN] El bloque N°272 fue leido
[INFO] 18:48:12:364 DataNode/(10464:10464): [DATABIN] El bloque N°275 fue leido
[INFO] 18:48:12:371 DataNode/(10464:10464): [DATABIN] El bloque N°277 fue leido
[INFO] 18:48:12:374 DataNode/(10464:10464): [DATABIN] El bloque N°278 fue leido
[INFO] 18:48:12:383 DataNode/(10464:10464): [DATABIN] El bloque N°281 fue leido
[INFO] 18:48:12:397 DataNode/(10464:10464): [DATABIN] El bloque N°283 fue leido
[INFO] 18:48:12:401 DataNode/(10464:10464): [DATABIN] El bloque N°284 fue leido
[INFO] 18:48:12:412 DataNode/(10464:10464): [DATABIN] El bloque N°287 fue leido
[INFO] 18:48:12:415 DataNode/(10464:10464): [DATABIN] El bloque N°289 fue leido
[INFO] 18:48:12:427 DataNode/(10464:10464): [DATABIN] El bloque N°290 fue leido
[INFO] 18:48:12:438 DataNode/(10464:10464): [DATABIN] El bloque N°293 fue leido
[INFO] 18:48:12:440 DataNode/(10464:10464): [DATABIN] El bloque N°295 fue leido
[INFO] 18:48:12:443 DataNode/(10464:10464): [DATABIN] El bloque N°296 fue leido
[INFO] 18:48:12:460 DataNode/(10464:10464): [DATABIN] El bloque N°299 fue leido
[INFO] 18:48:12:465 DataNode/(10464:10464): [DATABIN] El bloque N°301 fue leido
[INFO] 18:48:30:774 DataNode/(10464:10464): [31m[CONEXION] Conexion finalizada con File System[0m
[INFO] 18:48:30:776 DataNode/(10464:10464): [EJECUCION] Proceso Data Node finalizado
