[INFO] 00:14:10:767 Worker/(9830:9830): [CONFIGURACION] Nombre: NODO1
[INFO] 00:14:10:775 Worker/(9830:9830): [CONFIGURACION] Esperando conexiones de Master (Puerto: 5090)
[INFO] 00:14:10:776 Worker/(9830:9830): [CONFIGURACION] Ruta archivo data.bin: /home/utnso/Escritorio/data1.bin
[INFO] 00:14:10:776 Worker/(9830:9830): [CONFIGURACION] Cantidad de bloques: 100
[INFO] 00:14:12:514 Worker/(9830:9839): [CONEXION] Proceso Master conectado exitosamente
[INFO] 00:14:12:554 Worker/(9830:9845): [DATABIN] El bloque N°5 fue leido
[INFO] 00:14:12:556 Worker/(9830:9847): [DATABIN] El bloque N°7 fue leido
[INFO] 00:14:12:558 Worker/(9830:9844): [DATABIN] El bloque N°4 fue leido
[INFO] 00:14:12:559 Worker/(9830:9846): [DATABIN] El bloque N°6 fue leido
[INFO] 00:14:12:561 Worker/(9830:9849): [DATABIN] El bloque N°9 fue leido
[INFO] 00:14:12:561 Worker/(9830:9848): [DATABIN] El bloque N°8 fue leido
[INFO] 00:14:12:563 Worker/(9830:9843): [DATABIN] El bloque N°3 fue leido
[INFO] 00:14:12:564 Worker/(9830:9850): [DATABIN] El bloque N°10 fue leido
[INFO] 00:14:12:565 Worker/(9830:9851): [DATABIN] El bloque N°11 fue leido
[INFO] 00:14:12:566 Worker/(9830:9842): [DATABIN] El bloque N°2 fue leido
[INFO] 00:14:12:578 Worker/(9830:9841): [DATABIN] El bloque N°1 fue leido
[INFO] 00:14:12:581 Worker/(9830:9840): [DATABIN] El bloque N°0 fue leido
[INFO] 00:14:13:433 Worker/(9830:9851): [TRANSFORMACION] Transformacion exitosa en bloque N°11 de Master d
[INFO] 00:14:13:843 Worker/(9830:9841): [TRANSFORMACION] Transformacion exitosa en bloque N°1 de Master d
[INFO] 00:14:13:858 Worker/(9830:9840): [TRANSFORMACION] Transformacion exitosa en bloque N°0 de Master d
[INFO] 00:14:13:871 Worker/(9830:9842): [TRANSFORMACION] Transformacion exitosa en bloque N°2 de Master d
[INFO] 00:14:13:904 Worker/(9830:9843): [TRANSFORMACION] Transformacion exitosa en bloque N°3 de Master d
[INFO] 00:14:13:994 Worker/(9830:9846): [TRANSFORMACION] Transformacion exitosa en bloque N°6 de Master d
[INFO] 00:14:14:55 Worker/(9830:9849): [TRANSFORMACION] Transformacion exitosa en bloque N°9 de Master d
[INFO] 00:14:14:77 Worker/(9830:9844): [TRANSFORMACION] Transformacion exitosa en bloque N°4 de Master d
[INFO] 00:14:14:118 Worker/(9830:9848): [TRANSFORMACION] Transformacion exitosa en bloque N°8 de Master d
[INFO] 00:14:14:141 Worker/(9830:9847): [TRANSFORMACION] Transformacion exitosa en bloque N°7 de Master d
[INFO] 00:14:14:189 Worker/(9830:9850): [TRANSFORMACION] Transformacion exitosa en bloque N°10 de Master d
[INFO] 00:14:14:192 Worker/(9830:9845): [TRANSFORMACION] Transformacion exitosa en bloque N°5 de Master d
[INFO] 00:14:14:196 Worker/(9830:9839): [CONEXION] Fin de envio de bloques a transformar
[INFO] 00:14:14:229 Worker/(9830:9953): [CONEXION] Proceso Master conectado exitosamente
[INFO] 00:14:14:715 Worker/(9830:9953): [REDUCCION LOCAL] La operacion termino con exito
[INFO] 00:14:14:733 Worker/(9830:9965): [CONEXION] Proceso Master conectado exitosamente
[INFO] 00:14:14:733 Worker/(9830:9966): [CONEXION] Proceso Worker conectado existosamente
[INFO] 00:14:14:821 Worker/(9830:9965): [REDUCCION GLOBAL] La operacion termino con exito
[INFO] 00:14:14:833 Worker/(9830:9974): [ALMACENADO FINAL] Estableciendo conexion con el File System (IP:127.0.0.1 | Puerto:5080)
[INFO] 00:14:14:833 Worker/(9830:9974): [ALMACENADO FINAL] Conexion existosa con el File System
[INFO] 00:14:14:840 Worker/(9830:9974): [ALMACENADO FINAL] Guardando yamafs:/destino
[INFO] 00:14:14:902 Worker/(9830:9974): [ALMACENADO FINAL] La operacion se realizo con exito
